{"meta": {"format": 3, "version": "7.12.0", "timestamp": "2025-11-22T08:10:02.466895", "branch_coverage": false, "show_contexts": false}, "files": {"app/__init__.py": {"executed_lines": [0], "summary": {"covered_lines": 0, "num_statements": 0, "percent_covered": 100.0, "percent_covered_display": "100", "missing_lines": 0, "excluded_lines": 0, "percent_statements_covered": 100.0, "percent_statements_covered_display": "100"}, "missing_lines": [], "excluded_lines": [], "functions": {"": {"executed_lines": [], "summary": {"covered_lines": 0, "num_statements": 0, "percent_covered": 100.0, "percent_covered_display": "100", "missing_lines": 0, "excluded_lines": 0, "percent_statements_covered": 100.0, "percent_statements_covered_display": "100"}, "missing_lines": [], "excluded_lines": []}}, "classes": {"": {"executed_lines": [], "summary": {"covered_lines": 0, "num_statements": 0, "percent_covered": 100.0, "percent_covered_display": "100", "missing_lines": 0, "excluded_lines": 0, "percent_statements_covered": 100.0, "percent_statements_covered_display": "100"}, "missing_lines": [], "excluded_lines": []}}}, "app/api/__init__.py": {"executed_lines": [0], "summary": {"covered_lines": 0, "num_statements": 0, "percent_covered": 100.0, "percent_covered_display": "100", "missing_lines": 0, "excluded_lines": 0, "percent_statements_covered": 100.0, "percent_statements_covered_display": "100"}, "missing_lines": [], "excluded_lines": [], "functions": {"": {"executed_lines": [], "summary": {"covered_lines": 0, "num_statements": 0, "percent_covered": 100.0, "percent_covered_display": "100", "missing_lines": 0, "excluded_lines": 0, "percent_statements_covered": 100.0, "percent_statements_covered_display": "100"}, "missing_lines": [], "excluded_lines": []}}, "classes": {"": {"executed_lines": [], "summary": {"covered_lines": 0, "num_statements": 0, "percent_covered": 100.0, "percent_covered_display": "100", "missing_lines": 0, "excluded_lines": 0, "percent_statements_covered": 100.0, "percent_statements_covered_display": "100"}, "missing_lines": [], "excluded_lines": []}}}, "app/api/v1/__init__.py": {"executed_lines": [0], "summary": {"covered_lines": 0, "num_statements": 0, "percent_covered": 100.0, "percent_covered_display": "100", "missing_lines": 0, "excluded_lines": 0, "percent_statements_covered": 100.0, "percent_statements_covered_display": "100"}, "missing_lines": [], "excluded_lines": [], "functions": {"": {"executed_lines": [], "summary": {"covered_lines": 0, "num_statements": 0, "percent_covered": 100.0, "percent_covered_display": "100", "missing_lines": 0, "excluded_lines": 0, "percent_statements_covered": 100.0, "percent_statements_covered_display": "100"}, "missing_lines": [], "excluded_lines": []}}, "classes": {"": {"executed_lines": [], "summary": {"covered_lines": 0, "num_statements": 0, "percent_covered": 100.0, "percent_covered_display": "100", "missing_lines": 0, "excluded_lines": 0, "percent_statements_covered": 100.0, "percent_statements_covered_display": "100"}, "missing_lines": [], "excluded_lines": []}}}, "app/api/v1/endpoints/__init__.py": {"executed_lines": [0], "summary": {"covered_lines": 0, "num_statements": 0, "percent_covered": 100.0, "percent_covered_display": "100", "missing_lines": 0, "excluded_lines": 0, "percent_statements_covered": 100.0, "percent_statements_covered_display": "100"}, "missing_lines": [], "excluded_lines": [], "functions": {"": {"executed_lines": [], "summary": {"covered_lines": 0, "num_statements": 0, "percent_covered": 100.0, "percent_covered_display": "100", "missing_lines": 0, "excluded_lines": 0, "percent_statements_covered": 100.0, "percent_statements_covered_display": "100"}, "missing_lines": [], "excluded_lines": []}}, "classes": {"": {"executed_lines": [], "summary": {"covered_lines": 0, "num_statements": 0, "percent_covered": 100.0, "percent_covered_display": "100", "missing_lines": 0, "excluded_lines": 0, "percent_statements_covered": 100.0, "percent_statements_covered_display": "100"}, "missing_lines": [], "excluded_lines": []}}}, "app/api/v1/endpoints/audit.py": {"executed_lines": [], "summary": {"covered_lines": 0, "num_statements": 81, "percent_covered": 0.0, "percent_covered_display": "0", "missing_lines": 81, "excluded_lines": 0, "percent_statements_covered": 0.0, "percent_statements_covered_display": "0"}, "missing_lines": [5, 6, 7, 8, 9, 10, 11, 12, 13, 15, 16, 17, 18, 21, 24, 27, 28, 29, 30, 31, 32, 33, 34, 35, 36, 37, 38, 40, 41, 44, 47, 48, 49, 50, 53, 54, 55, 84, 89, 90, 91, 92, 93, 94, 95, 96, 97, 98, 99, 100, 101, 102, 105, 108, 126, 134, 135, 136, 169, 170, 171, 172, 173, 179, 185, 186, 187, 188, 191, 194, 208, 209, 210, 226, 228, 229, 243, 245, 255, 273, 275], "excluded_lines": [], "functions": {"search_audit_logs": {"executed_lines": [], "summary": {"covered_lines": 0, "num_statements": 18, "percent_covered": 0.0, "percent_covered_display": "0", "missing_lines": 18, "excluded_lines": 0, "percent_statements_covered": 0.0, "percent_statements_covered_display": "0"}, "missing_lines": [84, 89, 90, 91, 92, 93, 94, 95, 96, 97, 98, 99, 100, 101, 102, 105, 108, 126], "excluded_lines": []}, "export_audit_logs": {"executed_lines": [], "summary": {"covered_lines": 0, "num_statements": 23, "percent_covered": 0.0, "percent_covered_display": "0", "missing_lines": 23, "excluded_lines": 0, "percent_statements_covered": 0.0, "percent_statements_covered_display": "0"}, "missing_lines": [169, 170, 171, 172, 173, 179, 185, 186, 187, 188, 191, 194, 208, 209, 210, 226, 228, 229, 243, 245, 255, 273, 275], "excluded_lines": []}, "": {"executed_lines": [], "summary": {"covered_lines": 0, "num_statements": 40, "percent_covered": 0.0, "percent_covered_display": "0", "missing_lines": 40, "excluded_lines": 0, "percent_statements_covered": 0.0, "percent_statements_covered_display": "0"}, "missing_lines": [5, 6, 7, 8, 9, 10, 11, 12, 13, 15, 16, 17, 18, 21, 24, 27, 28, 29, 30, 31, 32, 33, 34, 35, 36, 37, 38, 40, 41, 44, 47, 48, 49, 50, 53, 54, 55, 134, 135, 136], "excluded_lines": []}}, "classes": {"AuditLogResponse": {"executed_lines": [], "summary": {"covered_lines": 0, "num_statements": 0, "percent_covered": 100.0, "percent_covered_display": "100", "missing_lines": 0, "excluded_lines": 0, "percent_statements_covered": 100.0, "percent_statements_covered_display": "100"}, "missing_lines": [], "excluded_lines": []}, "AuditLogResponse.Config": {"executed_lines": [], "summary": {"covered_lines": 0, "num_statements": 0, "percent_covered": 100.0, "percent_covered_display": "100", "missing_lines": 0, "excluded_lines": 0, "percent_statements_covered": 100.0, "percent_statements_covered_display": "100"}, "missing_lines": [], "excluded_lines": []}, "AuditLogSearchResponse": {"executed_lines": [], "summary": {"covered_lines": 0, "num_statements": 0, "percent_covered": 100.0, "percent_covered_display": "100", "missing_lines": 0, "excluded_lines": 0, "percent_statements_covered": 100.0, "percent_statements_covered_display": "100"}, "missing_lines": [], "excluded_lines": []}, "": {"executed_lines": [], "summary": {"covered_lines": 0, "num_statements": 81, "percent_covered": 0.0, "percent_covered_display": "0", "missing_lines": 81, "excluded_lines": 0, "percent_statements_covered": 0.0, "percent_statements_covered_display": "0"}, "missing_lines": [5, 6, 7, 8, 9, 10, 11, 12, 13, 15, 16, 17, 18, 21, 24, 27, 28, 29, 30, 31, 32, 33, 34, 35, 36, 37, 38, 40, 41, 44, 47, 48, 49, 50, 53, 54, 55, 84, 89, 90, 91, 92, 93, 94, 95, 96, 97, 98, 99, 100, 101, 102, 105, 108, 126, 134, 135, 136, 169, 170, 171, 172, 173, 179, 185, 186, 187, 188, 191, 194, 208, 209, 210, 226, 228, 229, 243, 245, 255, 273, 275], "excluded_lines": []}}}, "app/api/v1/endpoints/auth.py": {"executed_lines": [1, 5, 6, 7, 8, 9, 10, 11, 12, 13, 16, 19, 20, 73, 74, 87, 88], "summary": {"covered_lines": 16, "num_statements": 31, "percent_covered": 51.61290322580645, "percent_covered_display": "52", "missing_lines": 15, "excluded_lines": 0, "percent_statements_covered": 51.61290322580645, "percent_statements_covered_display": "52"}, "missing_lines": [41, 42, 43, 46, 47, 54, 55, 62, 65, 84, 110, 111, 112, 119, 127], "excluded_lines": [], "functions": {"login": {"executed_lines": [], "summary": {"covered_lines": 0, "num_statements": 9, "percent_covered": 0.0, "percent_covered_display": "0", "missing_lines": 9, "excluded_lines": 0, "percent_statements_covered": 0.0, "percent_statements_covered_display": "0"}, "missing_lines": [41, 42, 43, 46, 47, 54, 55, 62, 65], "excluded_lines": []}, "get_current_user_info": {"executed_lines": [], "summary": {"covered_lines": 0, "num_statements": 1, "percent_covered": 0.0, "percent_covered_display": "0", "missing_lines": 1, "excluded_lines": 0, "percent_statements_covered": 0.0, "percent_statements_covered_display": "0"}, "missing_lines": [84], "excluded_lines": []}, "logout": {"executed_lines": [], "summary": {"covered_lines": 0, "num_statements": 5, "percent_covered": 0.0, "percent_covered_display": "0", "missing_lines": 5, "excluded_lines": 0, "percent_statements_covered": 0.0, "percent_statements_covered_display": "0"}, "missing_lines": [110, 111, 112, 119, 127], "excluded_lines": []}, "": {"executed_lines": [1, 5, 6, 7, 8, 9, 10, 11, 12, 13, 16, 19, 20, 73, 74, 87, 88], "summary": {"covered_lines": 16, "num_statements": 16, "percent_covered": 100.0, "percent_covered_display": "100", "missing_lines": 0, "excluded_lines": 0, "percent_statements_covered": 100.0, "percent_statements_covered_display": "100"}, "missing_lines": [], "excluded_lines": []}}, "classes": {"": {"executed_lines": [1, 5, 6, 7, 8, 9, 10, 11, 12, 13, 16, 19, 20, 73, 74, 87, 88], "summary": {"covered_lines": 16, "num_statements": 31, "percent_covered": 51.61290322580645, "percent_covered_display": "52", "missing_lines": 15, "excluded_lines": 0, "percent_statements_covered": 51.61290322580645, "percent_statements_covered_display": "52"}, "missing_lines": [41, 42, 43, 46, 47, 54, 55, 62, 65, 84, 110, 111, 112, 119, 127], "excluded_lines": []}}}, "app/api/v1/endpoints/break_glass.py": {"executed_lines": [1, 9, 10, 11, 13, 14, 15, 17, 18, 19, 20, 21, 27, 29, 30, 33, 34, 108, 111], "summary": {"covered_lines": 18, "num_statements": 43, "percent_covered": 41.86046511627907, "percent_covered_display": "42", "missing_lines": 25, "excluded_lines": 0, "percent_statements_covered": 41.86046511627907, "percent_statements_covered_display": "42"}, "missing_lines": [57, 58, 64, 65, 69, 87, 89, 140, 143, 144, 145, 146, 147, 148, 151, 152, 153, 156, 157, 160, 161, 164, 181, 190, 192], "excluded_lines": [], "functions": {"request_break_glass_access": {"executed_lines": [], "summary": {"covered_lines": 0, "num_statements": 7, "percent_covered": 0.0, "percent_covered_display": "0", "missing_lines": 7, "excluded_lines": 0, "percent_statements_covered": 0.0, "percent_statements_covered_display": "0"}, "missing_lines": [57, 58, 64, 65, 69, 87, 89], "excluded_lines": []}, "list_break_glass_logs": {"executed_lines": [], "summary": {"covered_lines": 0, "num_statements": 18, "percent_covered": 0.0, "percent_covered_display": "0", "missing_lines": 18, "excluded_lines": 0, "percent_statements_covered": 0.0, "percent_statements_covered_display": "0"}, "missing_lines": [140, 143, 144, 145, 146, 147, 148, 151, 152, 153, 156, 157, 160, 161, 164, 181, 190, 192], "excluded_lines": []}, "": {"executed_lines": [1, 9, 10, 11, 13, 14, 15, 17, 18, 19, 20, 21, 27, 29, 30, 33, 34, 108, 111], "summary": {"covered_lines": 18, "num_statements": 18, "percent_covered": 100.0, "percent_covered_display": "100", "missing_lines": 0, "excluded_lines": 0, "percent_statements_covered": 100.0, "percent_statements_covered_display": "100"}, "missing_lines": [], "excluded_lines": []}}, "classes": {"": {"executed_lines": [1, 9, 10, 11, 13, 14, 15, 17, 18, 19, 20, 21, 27, 29, 30, 33, 34, 108, 111], "summary": {"covered_lines": 18, "num_statements": 43, "percent_covered": 41.86046511627907, "percent_covered_display": "42", "missing_lines": 25, "excluded_lines": 0, "percent_statements_covered": 41.86046511627907, "percent_statements_covered_display": "42"}, "missing_lines": [57, 58, 64, 65, 69, 87, 89, 140, 143, 144, 145, 146, 147, 148, 151, 152, 153, 156, 157, 160, 161, 164, 181, 190, 192], "excluded_lines": []}}}, "app/api/v1/endpoints/documents.py": {"executed_lines": [1, 6, 7, 9, 10, 12, 13, 14, 15, 16, 17, 18, 19, 21, 23, 26, 27], "summary": {"covered_lines": 16, "num_statements": 39, "percent_covered": 41.02564102564103, "percent_covered_display": "41", "missing_lines": 23, "excluded_lines": 0, "percent_statements_covered": 41.02564102564103, "percent_statements_covered_display": "41"}, "missing_lines": [56, 57, 58, 61, 63, 64, 70, 73, 75, 77, 79, 80, 83, 96, 108, 111, 123, 124, 125, 128, 131, 144, 149], "excluded_lines": [], "functions": {"upload_document": {"executed_lines": [], "summary": {"covered_lines": 0, "num_statements": 23, "percent_covered": 0.0, "percent_covered_display": "0", "missing_lines": 23, "excluded_lines": 0, "percent_statements_covered": 0.0, "percent_statements_covered_display": "0"}, "missing_lines": [56, 57, 58, 61, 63, 64, 70, 73, 75, 77, 79, 80, 83, 96, 108, 111, 123, 124, 125, 128, 131, 144, 149], "excluded_lines": []}, "": {"executed_lines": [1, 6, 7, 9, 10, 12, 13, 14, 15, 16, 17, 18, 19, 21, 23, 26, 27], "summary": {"covered_lines": 16, "num_statements": 16, "percent_covered": 100.0, "percent_covered_display": "100", "missing_lines": 0, "excluded_lines": 0, "percent_statements_covered": 100.0, "percent_statements_covered_display": "100"}, "missing_lines": [], "excluded_lines": []}}, "classes": {"": {"executed_lines": [1, 6, 7, 9, 10, 12, 13, 14, 15, 16, 17, 18, 19, 21, 23, 26, 27], "summary": {"covered_lines": 16, "num_statements": 39, "percent_covered": 41.02564102564103, "percent_covered_display": "41", "missing_lines": 23, "excluded_lines": 0, "percent_statements_covered": 41.02564102564103, "percent_statements_covered_display": "41"}, "missing_lines": [56, 57, 58, 61, 63, 64, 70, 73, 75, 77, 79, 80, 83, 96, 108, 111, 123, 124, 125, 128, 131, 144, 149], "excluded_lines": []}}}, "app/api/v1/endpoints/health.py": {"executed_lines": [1, 5, 6, 7, 8, 9, 10, 11, 12, 15, 18, 19], "summary": {"covered_lines": 11, "num_statements": 38, "percent_covered": 28.94736842105263, "percent_covered_display": "29", "missing_lines": 27, "excluded_lines": 0, "percent_statements_covered": 28.94736842105263, "percent_statements_covered_display": "29"}, "missing_lines": [37, 46, 47, 48, 52, 53, 54, 60, 61, 62, 63, 64, 68, 69, 70, 76, 77, 78, 79, 80, 81, 87, 88, 92, 93, 94, 99], "excluded_lines": [], "functions": {"health_check_detailed": {"executed_lines": [], "summary": {"covered_lines": 0, "num_statements": 27, "percent_covered": 0.0, "percent_covered_display": "0", "missing_lines": 27, "excluded_lines": 0, "percent_statements_covered": 0.0, "percent_statements_covered_display": "0"}, "missing_lines": [37, 46, 47, 48, 52, 53, 54, 60, 61, 62, 63, 64, 68, 69, 70, 76, 77, 78, 79, 80, 81, 87, 88, 92, 93, 94, 99], "excluded_lines": []}, "": {"executed_lines": [1, 5, 6, 7, 8, 9, 10, 11, 12, 15, 18, 19], "summary": {"covered_lines": 11, "num_statements": 11, "percent_covered": 100.0, "percent_covered_display": "100", "missing_lines": 0, "excluded_lines": 0, "percent_statements_covered": 100.0, "percent_statements_covered_display": "100"}, "missing_lines": [], "excluded_lines": []}}, "classes": {"": {"executed_lines": [1, 5, 6, 7, 8, 9, 10, 11, 12, 15, 18, 19], "summary": {"covered_lines": 11, "num_statements": 38, "percent_covered": 28.94736842105263, "percent_covered_display": "29", "missing_lines": 27, "excluded_lines": 0, "percent_statements_covered": 28.94736842105263, "percent_statements_covered_display": "29"}, "missing_lines": [37, 46, 47, 48, 52, 53, 54, 60, 61, 62, 63, 64, 68, 69, 70, 76, 77, 78, 79, 80, 81, 87, 88, 92, 93, 94, 99], "excluded_lines": []}}}, "app/api/v1/endpoints/patient_search.py": {"executed_lines": [1, 6, 7, 8, 10, 11, 12, 14, 15, 16, 17, 18, 24, 25, 27, 29, 32, 33, 198, 199, 329, 330], "summary": {"covered_lines": 21, "num_statements": 74, "percent_covered": 28.37837837837838, "percent_covered_display": "28", "missing_lines": 53, "excluded_lines": 1, "percent_statements_covered": 28.37837837837838, "percent_statements_covered_display": "28"}, "missing_lines": [121, 123, 124, 127, 136, 137, 142, 144, 148, 149, 162, 164, 174, 180, 182, 184, 185, 189, 191, 192, 247, 249, 252, 254, 255, 261, 262, 263, 270, 271, 278, 279, 280, 291, 293, 303, 308, 310, 312, 313, 315, 316, 320, 322, 323, 381, 382, 383, 385, 390, 392, 393, 394], "excluded_lines": [334], "functions": {"search_patients": {"executed_lines": [], "summary": {"covered_lines": 0, "num_statements": 20, "percent_covered": 0.0, "percent_covered_display": "0", "missing_lines": 20, "excluded_lines": 0, "percent_statements_covered": 0.0, "percent_statements_covered_display": "0"}, "missing_lines": [121, 123, 124, 127, 136, 137, 142, 144, 148, 149, 162, 164, 174, 180, 182, 184, 185, 189, 191, 192], "excluded_lines": []}, "get_concept_highlights": {"executed_lines": [], "summary": {"covered_lines": 0, "num_statements": 25, "percent_covered": 0.0, "percent_covered_display": "0", "missing_lines": 25, "excluded_lines": 0, "percent_statements_covered": 0.0, "percent_statements_covered_display": "0"}, "missing_lines": [247, 249, 252, 254, 255, 261, 262, 263, 270, 271, 278, 279, 280, 291, 293, 303, 308, 310, 312, 313, 315, 316, 320, 322, 323], "excluded_lines": []}, "get_search_history": {"executed_lines": [], "summary": {"covered_lines": 0, "num_statements": 8, "percent_covered": 0.0, "percent_covered_display": "0", "missing_lines": 8, "excluded_lines": 1, "percent_statements_covered": 0.0, "percent_statements_covered_display": "0"}, "missing_lines": [381, 382, 383, 385, 390, 392, 393, 394], "excluded_lines": [334]}, "": {"executed_lines": [1, 6, 7, 8, 10, 11, 12, 14, 15, 16, 17, 18, 24, 25, 27, 29, 32, 33, 198, 199, 329, 330], "summary": {"covered_lines": 21, "num_statements": 21, "percent_covered": 100.0, "percent_covered_display": "100", "missing_lines": 0, "excluded_lines": 0, "percent_statements_covered": 100.0, "percent_statements_covered_display": "100"}, "missing_lines": [], "excluded_lines": []}}, "classes": {"": {"executed_lines": [1, 6, 7, 8, 10, 11, 12, 14, 15, 16, 17, 18, 24, 25, 27, 29, 32, 33, 198, 199, 329, 330], "summary": {"covered_lines": 21, "num_statements": 74, "percent_covered": 28.37837837837838, "percent_covered_display": "28", "missing_lines": 53, "excluded_lines": 1, "percent_statements_covered": 28.37837837837838, "percent_statements_covered_display": "28"}, "missing_lines": [121, 123, 124, 127, 136, 137, 142, 144, 148, 149, 162, 164, 174, 180, 182, 184, 185, 189, 191, 192, 247, 249, 252, 254, 255, 261, 262, 263, 270, 271, 278, 279, 280, 291, 293, 303, 308, 310, 312, 313, 315, 316, 320, 322, 323, 381, 382, 383, 385, 390, 392, 393, 394], "excluded_lines": [334]}}}, "app/api/v1/endpoints/profile.py": {"executed_lines": [1, 9, 10, 11, 13, 14, 15, 16, 17, 18, 20, 21, 24, 25, 50, 51, 135, 136], "summary": {"covered_lines": 17, "num_statements": 46, "percent_covered": 36.95652173913044, "percent_covered_display": "37", "missing_lines": 29, "excluded_lines": 0, "percent_statements_covered": 36.95652173913044, "percent_statements_covered_display": "37"}, "missing_lines": [39, 47, 72, 73, 78, 79, 84, 85, 91, 94, 96, 97, 98, 100, 102, 111, 116, 117, 119, 120, 123, 132, 157, 158, 164, 166, 170, 175, 184], "excluded_lines": [], "functions": {"get_my_profile": {"executed_lines": [], "summary": {"covered_lines": 0, "num_statements": 2, "percent_covered": 0.0, "percent_covered_display": "0", "missing_lines": 2, "excluded_lines": 0, "percent_statements_covered": 0.0, "percent_statements_covered_display": "0"}, "missing_lines": [39, 47], "excluded_lines": []}, "update_my_profile": {"executed_lines": [], "summary": {"covered_lines": 0, "num_statements": 20, "percent_covered": 0.0, "percent_covered_display": "0", "missing_lines": 20, "excluded_lines": 0, "percent_statements_covered": 0.0, "percent_statements_covered_display": "0"}, "missing_lines": [72, 73, 78, 79, 84, 85, 91, 94, 96, 97, 98, 100, 102, 111, 116, 117, 119, 120, 123, 132], "excluded_lines": []}, "change_my_password": {"executed_lines": [], "summary": {"covered_lines": 0, "num_statements": 7, "percent_covered": 0.0, "percent_covered_display": "0", "missing_lines": 7, "excluded_lines": 0, "percent_statements_covered": 0.0, "percent_statements_covered_display": "0"}, "missing_lines": [157, 158, 164, 166, 170, 175, 184], "excluded_lines": []}, "": {"executed_lines": [1, 9, 10, 11, 13, 14, 15, 16, 17, 18, 20, 21, 24, 25, 50, 51, 135, 136], "summary": {"covered_lines": 17, "num_statements": 17, "percent_covered": 100.0, "percent_covered_display": "100", "missing_lines": 0, "excluded_lines": 0, "percent_statements_covered": 100.0, "percent_statements_covered_display": "100"}, "missing_lines": [], "excluded_lines": []}}, "classes": {"": {"executed_lines": [1, 9, 10, 11, 13, 14, 15, 16, 17, 18, 20, 21, 24, 25, 50, 51, 135, 136], "summary": {"covered_lines": 17, "num_statements": 46, "percent_covered": 36.95652173913044, "percent_covered_display": "37", "missing_lines": 29, "excluded_lines": 0, "percent_statements_covered": 36.95652173913044, "percent_statements_covered_display": "37"}, "missing_lines": [39, 47, 72, 73, 78, 79, 84, 85, 91, 94, 96, 97, 98, 100, 102, 111, 116, 117, 119, 120, 123, 132, 157, 158, 164, 166, 170, 175, 184], "excluded_lines": []}}}, "app/api/v1/endpoints/roles.py": {"executed_lines": [1, 10, 12, 13, 14, 16, 17, 18, 25, 26, 32, 34, 35, 38, 39, 77, 82, 124, 129, 192, 197], "summary": {"covered_lines": 20, "num_statements": 62, "percent_covered": 32.25806451612903, "percent_covered_display": "32", "missing_lines": 42, "excluded_lines": 0, "percent_statements_covered": 32.25806451612903, "percent_statements_covered_display": "32"}, "missing_lines": [55, 58, 66, 74, 100, 101, 102, 103, 109, 117, 148, 149, 155, 156, 157, 159, 160, 166, 167, 168, 171, 172, 175, 183, 220, 221, 227, 228, 229, 231, 232, 238, 241, 243, 244, 247, 261, 262, 263, 265, 266, 268], "excluded_lines": [], "functions": {"list_roles": {"executed_lines": [], "summary": {"covered_lines": 0, "num_statements": 4, "percent_covered": 0.0, "percent_covered_display": "0", "missing_lines": 4, "excluded_lines": 0, "percent_statements_covered": 0.0, "percent_statements_covered_display": "0"}, "missing_lines": [55, 58, 66, 74], "excluded_lines": []}, "get_role": {"executed_lines": [], "summary": {"covered_lines": 0, "num_statements": 6, "percent_covered": 0.0, "percent_covered_display": "0", "missing_lines": 6, "excluded_lines": 0, "percent_statements_covered": 0.0, "percent_statements_covered_display": "0"}, "missing_lines": [100, 101, 102, 103, 109, 117], "excluded_lines": []}, "get_user_permissions": {"executed_lines": [], "summary": {"covered_lines": 0, "num_statements": 14, "percent_covered": 0.0, "percent_covered_display": "0", "missing_lines": 14, "excluded_lines": 0, "percent_statements_covered": 0.0, "percent_statements_covered_display": "0"}, "missing_lines": [148, 149, 155, 156, 157, 159, 160, 166, 167, 168, 171, 172, 175, 183], "excluded_lines": []}, "assign_role": {"executed_lines": [], "summary": {"covered_lines": 0, "num_statements": 18, "percent_covered": 0.0, "percent_covered_display": "0", "missing_lines": 18, "excluded_lines": 0, "percent_statements_covered": 0.0, "percent_statements_covered_display": "0"}, "missing_lines": [220, 221, 227, 228, 229, 231, 232, 238, 241, 243, 244, 247, 261, 262, 263, 265, 266, 268], "excluded_lines": []}, "": {"executed_lines": [1, 10, 12, 13, 14, 16, 17, 18, 25, 26, 32, 34, 35, 38, 39, 77, 82, 124, 129, 192, 197], "summary": {"covered_lines": 20, "num_statements": 20, "percent_covered": 100.0, "percent_covered_display": "100", "missing_lines": 0, "excluded_lines": 0, "percent_statements_covered": 100.0, "percent_statements_covered_display": "100"}, "missing_lines": [], "excluded_lines": []}}, "classes": {"": {"executed_lines": [1, 10, 12, 13, 14, 16, 17, 18, 25, 26, 32, 34, 35, 38, 39, 77, 82, 124, 129, 192, 197], "summary": {"covered_lines": 20, "num_statements": 62, "percent_covered": 32.25806451612903, "percent_covered_display": "32", "missing_lines": 42, "excluded_lines": 0, "percent_statements_covered": 32.25806451612903, "percent_statements_covered_display": "32"}, "missing_lines": [55, 58, 66, 74, 100, 101, 102, 103, 109, 117, 148, 149, 155, 156, 157, 159, 160, 166, 167, 168, 171, 172, 175, 183, 220, 221, 227, 228, 229, 231, 232, 238, 241, 243, 244, 247, 261, 262, 263, 265, 266, 268], "excluded_lines": []}}}, "app/api/v1/endpoints/search.py": {"executed_lines": [1, 6, 7, 9, 10, 12, 13, 14, 15, 16, 17, 19, 21, 24, 25], "summary": {"covered_lines": 14, "num_statements": 26, "percent_covered": 53.84615384615385, "percent_covered_display": "54", "missing_lines": 12, "excluded_lines": 0, "percent_statements_covered": 53.84615384615385, "percent_statements_covered_display": "54"}, "missing_lines": [69, 71, 74, 77, 83, 88, 90, 92, 93, 97, 99, 100], "excluded_lines": [], "functions": {"search_documents": {"executed_lines": [], "summary": {"covered_lines": 0, "num_statements": 12, "percent_covered": 0.0, "percent_covered_display": "0", "missing_lines": 12, "excluded_lines": 0, "percent_statements_covered": 0.0, "percent_statements_covered_display": "0"}, "missing_lines": [69, 71, 74, 77, 83, 88, 90, 92, 93, 97, 99, 100], "excluded_lines": []}, "": {"executed_lines": [1, 6, 7, 9, 10, 12, 13, 14, 15, 16, 17, 19, 21, 24, 25], "summary": {"covered_lines": 14, "num_statements": 14, "percent_covered": 100.0, "percent_covered_display": "100", "missing_lines": 0, "excluded_lines": 0, "percent_statements_covered": 100.0, "percent_statements_covered_display": "100"}, "missing_lines": [], "excluded_lines": []}}, "classes": {"": {"executed_lines": [1, 6, 7, 9, 10, 12, 13, 14, 15, 16, 17, 19, 21, 24, 25], "summary": {"covered_lines": 14, "num_statements": 26, "percent_covered": 53.84615384615385, "percent_covered_display": "54", "missing_lines": 12, "excluded_lines": 0, "percent_statements_covered": 53.84615384615385, "percent_statements_covered_display": "54"}, "missing_lines": [69, 71, 74, 77, 83, 88, 90, 92, 93, 97, 99, 100], "excluded_lines": []}}}, "app/api/v1/endpoints/sessions.py": {"executed_lines": [1, 10, 11, 13, 14, 15, 16, 17, 18, 19, 21, 22, 23, 26, 27, 79, 80, 132, 133], "summary": {"covered_lines": 18, "num_statements": 44, "percent_covered": 40.90909090909091, "percent_covered_display": "41", "missing_lines": 26, "excluded_lines": 0, "percent_statements_covered": 40.90909090909091, "percent_statements_covered_display": "41"}, "missing_lines": [43, 44, 45, 48, 51, 65, 73, 101, 103, 104, 110, 111, 117, 120, 129, 149, 150, 151, 154, 157, 158, 159, 160, 161, 164, 172], "excluded_lines": [], "functions": {"get_my_sessions": {"executed_lines": [], "summary": {"covered_lines": 0, "num_statements": 7, "percent_covered": 0.0, "percent_covered_display": "0", "missing_lines": 7, "excluded_lines": 0, "percent_statements_covered": 0.0, "percent_statements_covered_display": "0"}, "missing_lines": [43, 44, 45, 48, 51, 65, 73], "excluded_lines": []}, "revoke_session": {"executed_lines": [], "summary": {"covered_lines": 0, "num_statements": 8, "percent_covered": 0.0, "percent_covered_display": "0", "missing_lines": 8, "excluded_lines": 0, "percent_statements_covered": 0.0, "percent_statements_covered_display": "0"}, "missing_lines": [101, 103, 104, 110, 111, 117, 120, 129], "excluded_lines": []}, "revoke_all_sessions": {"executed_lines": [], "summary": {"covered_lines": 0, "num_statements": 11, "percent_covered": 0.0, "percent_covered_display": "0", "missing_lines": 11, "excluded_lines": 0, "percent_statements_covered": 0.0, "percent_statements_covered_display": "0"}, "missing_lines": [149, 150, 151, 154, 157, 158, 159, 160, 161, 164, 172], "excluded_lines": []}, "": {"executed_lines": [1, 10, 11, 13, 14, 15, 16, 17, 18, 19, 21, 22, 23, 26, 27, 79, 80, 132, 133], "summary": {"covered_lines": 18, "num_statements": 18, "percent_covered": 100.0, "percent_covered_display": "100", "missing_lines": 0, "excluded_lines": 0, "percent_statements_covered": 100.0, "percent_statements_covered_display": "100"}, "missing_lines": [], "excluded_lines": []}}, "classes": {"": {"executed_lines": [1, 10, 11, 13, 14, 15, 16, 17, 18, 19, 21, 22, 23, 26, 27, 79, 80, 132, 133], "summary": {"covered_lines": 18, "num_statements": 44, "percent_covered": 40.90909090909091, "percent_covered_display": "41", "missing_lines": 26, "excluded_lines": 0, "percent_statements_covered": 40.90909090909091, "percent_statements_covered_display": "41"}, "missing_lines": [43, 44, 45, 48, 51, 65, 73, 101, 103, 104, 110, 111, 117, 120, 129, 149, 150, 151, 154, 157, 158, 159, 160, 161, 164, 172], "excluded_lines": []}}}, "app/api/v1/endpoints/timeline.py": {"executed_lines": [1, 6, 7, 8, 9, 11, 12, 14, 15, 16, 17, 30, 31, 33, 35, 38, 39, 181, 188, 379, 463, 506, 537, 616, 623], "summary": {"covered_lines": 24, "num_statements": 144, "percent_covered": 16.666666666666668, "percent_covered_display": "17", "missing_lines": 120, "excluded_lines": 0, "percent_statements_covered": 16.666666666666668, "percent_statements_covered_display": "17"}, "missing_lines": [135, 138, 150, 151, 152, 159, 160, 164, 169, 174, 249, 250, 252, 259, 260, 266, 267, 273, 274, 276, 279, 281, 282, 294, 297, 307, 315, 316, 321, 327, 330, 332, 348, 349, 351, 361, 370, 376, 408, 409, 410, 413, 415, 428, 429, 431, 432, 434, 437, 438, 441, 444, 446, 458, 460, 484, 485, 486, 488, 498, 499, 503, 516, 530, 566, 567, 568, 571, 572, 573, 574, 575, 581, 583, 584, 586, 587, 589, 591, 592, 593, 594, 595, 597, 598, 601, 602, 603, 605, 647, 649, 650, 653, 654, 656, 659, 665, 672, 673, 675, 676, 681, 682, 684, 685, 689, 690, 692, 693, 696, 697, 700, 706, 715, 716, 717, 727, 737, 738, 744], "excluded_lines": [], "functions": {"get_patient_timeline": {"executed_lines": [], "summary": {"covered_lines": 0, "num_statements": 10, "percent_covered": 0.0, "percent_covered_display": "0", "missing_lines": 10, "excluded_lines": 0, "percent_statements_covered": 0.0, "percent_statements_covered_display": "0"}, "missing_lines": [135, 138, 150, 151, 152, 159, 160, 164, 169, 174], "excluded_lines": []}, "get_patient_timeline_post": {"executed_lines": [], "summary": {"covered_lines": 0, "num_statements": 28, "percent_covered": 0.0, "percent_covered_display": "0", "missing_lines": 28, "excluded_lines": 0, "percent_statements_covered": 0.0, "percent_statements_covered_display": "0"}, "missing_lines": [249, 250, 252, 259, 260, 266, 267, 273, 274, 276, 279, 281, 282, 294, 297, 307, 315, 316, 321, 327, 330, 332, 348, 349, 351, 361, 370, 376], "excluded_lines": []}, "_fetch_timeline_events": {"executed_lines": [], "summary": {"covered_lines": 0, "num_statements": 17, "percent_covered": 0.0, "percent_covered_display": "0", "missing_lines": 17, "excluded_lines": 0, "percent_statements_covered": 0.0, "percent_statements_covered_display": "0"}, "missing_lines": [408, 409, 410, 413, 415, 428, 429, 431, 432, 434, 437, 438, 441, 444, 446, 458, 460], "excluded_lines": []}, "_count_timeline_events": {"executed_lines": [], "summary": {"covered_lines": 0, "num_statements": 7, "percent_covered": 0.0, "percent_covered_display": "0", "missing_lines": 7, "excluded_lines": 0, "percent_statements_covered": 0.0, "percent_statements_covered_display": "0"}, "missing_lines": [484, 485, 486, 488, 498, 499, 503], "excluded_lines": []}, "_map_concept_type_to_event_type": {"executed_lines": [], "summary": {"covered_lines": 0, "num_statements": 2, "percent_covered": 0.0, "percent_covered_display": "0", "missing_lines": 2, "excluded_lines": 0, "percent_statements_covered": 0.0, "percent_statements_covered_display": "0"}, "missing_lines": [516, 530], "excluded_lines": []}, "_parse_timeline_filters": {"executed_lines": [], "summary": {"covered_lines": 0, "num_statements": 25, "percent_covered": 0.0, "percent_covered_display": "0", "missing_lines": 25, "excluded_lines": 0, "percent_statements_covered": 0.0, "percent_statements_covered_display": "0"}, "missing_lines": [566, 567, 568, 571, 572, 573, 574, 575, 581, 583, 584, 586, 587, 589, 591, 592, 593, 594, 595, 597, 598, 601, 602, 603, 605], "excluded_lines": []}, "export_timeline": {"executed_lines": [], "summary": {"covered_lines": 0, "num_statements": 31, "percent_covered": 0.0, "percent_covered_display": "0", "missing_lines": 31, "excluded_lines": 0, "percent_statements_covered": 0.0, "percent_statements_covered_display": "0"}, "missing_lines": [647, 649, 650, 653, 654, 656, 659, 665, 672, 673, 675, 676, 681, 682, 684, 685, 689, 690, 692, 693, 696, 697, 700, 706, 715, 716, 717, 727, 737, 738, 744], "excluded_lines": []}, "": {"executed_lines": [1, 6, 7, 8, 9, 11, 12, 14, 15, 16, 17, 30, 31, 33, 35, 38, 39, 181, 188, 379, 463, 506, 537, 616, 623], "summary": {"covered_lines": 24, "num_statements": 24, "percent_covered": 100.0, "percent_covered_display": "100", "missing_lines": 0, "excluded_lines": 0, "percent_statements_covered": 100.0, "percent_statements_covered_display": "100"}, "missing_lines": [], "excluded_lines": []}}, "classes": {"": {"executed_lines": [1, 6, 7, 8, 9, 11, 12, 14, 15, 16, 17, 30, 31, 33, 35, 38, 39, 181, 188, 379, 463, 506, 537, 616, 623], "summary": {"covered_lines": 24, "num_statements": 144, "percent_covered": 16.666666666666668, "percent_covered_display": "17", "missing_lines": 120, "excluded_lines": 0, "percent_statements_covered": 16.666666666666668, "percent_statements_covered_display": "17"}, "missing_lines": [135, 138, 150, 151, 152, 159, 160, 164, 169, 174, 249, 250, 252, 259, 260, 266, 267, 273, 274, 276, 279, 281, 282, 294, 297, 307, 315, 316, 321, 327, 330, 332, 348, 349, 351, 361, 370, 376, 408, 409, 410, 413, 415, 428, 429, 431, 432, 434, 437, 438, 441, 444, 446, 458, 460, 484, 485, 486, 488, 498, 499, 503, 516, 530, 566, 567, 568, 571, 572, 573, 574, 575, 581, 583, 584, 586, 587, 589, 591, 592, 593, 594, 595, 597, 598, 601, 602, 603, 605, 647, 649, 650, 653, 654, 656, 659, 665, 672, 673, 675, 676, 681, 682, 684, 685, 689, 690, 692, 693, 696, 697, 700, 706, 715, 716, 717, 727, 737, 738, 744], "excluded_lines": []}}}, "app/api/v1/endpoints/timeline_filter_presets.py": {"executed_lines": [1, 3, 4, 5, 6, 7, 9, 10, 11, 12, 18, 19, 21, 24, 25, 97, 98, 138, 139, 183, 184, 280, 281], "summary": {"covered_lines": 22, "num_statements": 89, "percent_covered": 24.719101123595507, "percent_covered_display": "25", "missing_lines": 67, "excluded_lines": 0, "percent_statements_covered": 24.719101123595507, "percent_statements_covered_display": "25"}, "missing_lines": [42, 48, 49, 51, 52, 58, 59, 65, 66, 68, 69, 70, 73, 80, 81, 82, 85, 94, 112, 119, 120, 123, 132, 154, 161, 162, 164, 165, 171, 180, 205, 212, 213, 215, 216, 222, 223, 230, 231, 233, 234, 240, 241, 248, 249, 251, 252, 253, 256, 257, 258, 259, 260, 261, 263, 264, 265, 268, 277, 298, 305, 306, 308, 309, 315, 325, 326], "excluded_lines": [], "functions": {"create_filter_preset": {"executed_lines": [], "summary": {"covered_lines": 0, "num_statements": 18, "percent_covered": 0.0, "percent_covered_display": "0", "missing_lines": 18, "excluded_lines": 0, "percent_statements_covered": 0.0, "percent_statements_covered_display": "0"}, "missing_lines": [42, 48, 49, 51, 52, 58, 59, 65, 66, 68, 69, 70, 73, 80, 81, 82, 85, 94], "excluded_lines": []}, "list_filter_presets": {"executed_lines": [], "summary": {"covered_lines": 0, "num_statements": 5, "percent_covered": 0.0, "percent_covered_display": "0", "missing_lines": 5, "excluded_lines": 0, "percent_statements_covered": 0.0, "percent_statements_covered_display": "0"}, "missing_lines": [112, 119, 120, 123, 132], "excluded_lines": []}, "get_filter_preset": {"executed_lines": [], "summary": {"covered_lines": 0, "num_statements": 7, "percent_covered": 0.0, "percent_covered_display": "0", "missing_lines": 7, "excluded_lines": 0, "percent_statements_covered": 0.0, "percent_statements_covered_display": "0"}, "missing_lines": [154, 161, 162, 164, 165, 171, 180], "excluded_lines": []}, "update_filter_preset": {"executed_lines": [], "summary": {"covered_lines": 0, "num_statements": 29, "percent_covered": 0.0, "percent_covered_display": "0", "missing_lines": 29, "excluded_lines": 0, "percent_statements_covered": 0.0, "percent_statements_covered_display": "0"}, "missing_lines": [205, 212, 213, 215, 216, 222, 223, 230, 231, 233, 234, 240, 241, 248, 249, 251, 252, 253, 256, 257, 258, 259, 260, 261, 263, 264, 265, 268, 277], "excluded_lines": []}, "delete_filter_preset": {"executed_lines": [], "summary": {"covered_lines": 0, "num_statements": 8, "percent_covered": 0.0, "percent_covered_display": "0", "missing_lines": 8, "excluded_lines": 0, "percent_statements_covered": 0.0, "percent_statements_covered_display": "0"}, "missing_lines": [298, 305, 306, 308, 309, 315, 325, 326], "excluded_lines": []}, "": {"executed_lines": [1, 3, 4, 5, 6, 7, 9, 10, 11, 12, 18, 19, 21, 24, 25, 97, 98, 138, 139, 183, 184, 280, 281], "summary": {"covered_lines": 22, "num_statements": 22, "percent_covered": 100.0, "percent_covered_display": "100", "missing_lines": 0, "excluded_lines": 0, "percent_statements_covered": 100.0, "percent_statements_covered_display": "100"}, "missing_lines": [], "excluded_lines": []}}, "classes": {"": {"executed_lines": [1, 3, 4, 5, 6, 7, 9, 10, 11, 12, 18, 19, 21, 24, 25, 97, 98, 138, 139, 183, 184, 280, 281], "summary": {"covered_lines": 22, "num_statements": 89, "percent_covered": 24.719101123595507, "percent_covered_display": "25", "missing_lines": 67, "excluded_lines": 0, "percent_statements_covered": 24.719101123595507, "percent_statements_covered_display": "25"}, "missing_lines": [42, 48, 49, 51, 52, 58, 59, 65, 66, 68, 69, 70, 73, 80, 81, 82, 85, 94, 112, 119, 120, 123, 132, 154, 161, 162, 164, 165, 171, 180, 205, 212, 213, 215, 216, 222, 223, 230, 231, 233, 234, 240, 241, 248, 249, 251, 252, 253, 256, 257, 258, 259, 260, 261, 263, 264, 265, 268, 277, 298, 305, 306, 308, 309, 315, 325, 326], "excluded_lines": []}}}, "app/api/v1/endpoints/users.py": {"executed_lines": [1, 12, 13, 14, 16, 17, 18, 19, 21, 22, 23, 24, 25, 26, 32, 34, 35, 38, 39, 105, 106, 172, 173, 214, 215, 320, 321, 398, 399, 453, 454], "summary": {"covered_lines": 30, "num_statements": 145, "percent_covered": 20.689655172413794, "percent_covered_display": "21", "missing_lines": 115, "excluded_lines": 0, "percent_statements_covered": 20.689655172413794, "percent_statements_covered_display": "21"}, "missing_lines": [64, 66, 67, 68, 69, 72, 73, 74, 77, 78, 81, 82, 85, 94, 96, 131, 132, 137, 138, 139, 142, 143, 148, 149, 152, 161, 163, 192, 193, 194, 196, 197, 203, 211, 234, 235, 236, 238, 240, 248, 254, 255, 256, 258, 260, 268, 274, 281, 283, 284, 285, 286, 287, 288, 290, 298, 304, 317, 342, 343, 344, 346, 347, 353, 356, 357, 358, 360, 361, 362, 364, 365, 366, 368, 369, 373, 375, 376, 377, 378, 379, 380, 386, 395, 418, 419, 425, 426, 427, 429, 430, 436, 438, 441, 450, 481, 482, 488, 489, 490, 492, 493, 499, 502, 503, 506, 507, 508, 511, 512, 515, 516, 519, 529, 531], "excluded_lines": [], "functions": {"list_users": {"executed_lines": [], "summary": {"covered_lines": 0, "num_statements": 15, "percent_covered": 0.0, "percent_covered_display": "0", "missing_lines": 15, "excluded_lines": 0, "percent_statements_covered": 0.0, "percent_statements_covered_display": "0"}, "missing_lines": [64, 66, 67, 68, 69, 72, 73, 74, 77, 78, 81, 82, 85, 94, 96], "excluded_lines": []}, "search_users": {"executed_lines": [], "summary": {"covered_lines": 0, "num_statements": 12, "percent_covered": 0.0, "percent_covered_display": "0", "missing_lines": 12, "excluded_lines": 0, "percent_statements_covered": 0.0, "percent_statements_covered_display": "0"}, "missing_lines": [131, 132, 137, 138, 139, 142, 143, 148, 149, 152, 161, 163], "excluded_lines": []}, "get_user": {"executed_lines": [], "summary": {"covered_lines": 0, "num_statements": 7, "percent_covered": 0.0, "percent_covered_display": "0", "missing_lines": 7, "excluded_lines": 0, "percent_statements_covered": 0.0, "percent_statements_covered_display": "0"}, "missing_lines": [192, 193, 194, 196, 197, 203, 211], "excluded_lines": []}, "create_user": {"executed_lines": [], "summary": {"covered_lines": 0, "num_statements": 24, "percent_covered": 0.0, "percent_covered_display": "0", "missing_lines": 24, "excluded_lines": 0, "percent_statements_covered": 0.0, "percent_statements_covered_display": "0"}, "missing_lines": [234, 235, 236, 238, 240, 248, 254, 255, 256, 258, 260, 268, 274, 281, 283, 284, 285, 286, 287, 288, 290, 298, 304, 317], "excluded_lines": []}, "update_user": {"executed_lines": [], "summary": {"covered_lines": 0, "num_statements": 26, "percent_covered": 0.0, "percent_covered_display": "0", "missing_lines": 26, "excluded_lines": 0, "percent_statements_covered": 0.0, "percent_statements_covered_display": "0"}, "missing_lines": [342, 343, 344, 346, 347, 353, 356, 357, 358, 360, 361, 362, 364, 365, 366, 368, 369, 373, 375, 376, 377, 378, 379, 380, 386, 395], "excluded_lines": []}, "delete_user": {"executed_lines": [], "summary": {"covered_lines": 0, "num_statements": 11, "percent_covered": 0.0, "percent_covered_display": "0", "missing_lines": 11, "excluded_lines": 0, "percent_statements_covered": 0.0, "percent_statements_covered_display": "0"}, "missing_lines": [418, 419, 425, 426, 427, 429, 430, 436, 438, 441, 450], "excluded_lines": []}, "get_user_activity_logs": {"executed_lines": [], "summary": {"covered_lines": 0, "num_statements": 20, "percent_covered": 0.0, "percent_covered_display": "0", "missing_lines": 20, "excluded_lines": 0, "percent_statements_covered": 0.0, "percent_statements_covered_display": "0"}, "missing_lines": [481, 482, 488, 489, 490, 492, 493, 499, 502, 503, 506, 507, 508, 511, 512, 515, 516, 519, 529, 531], "excluded_lines": []}, "": {"executed_lines": [1, 12, 13, 14, 16, 17, 18, 19, 21, 22, 23, 24, 25, 26, 32, 34, 35, 38, 39, 105, 106, 172, 173, 214, 215, 320, 321, 398, 399, 453, 454], "summary": {"covered_lines": 30, "num_statements": 30, "percent_covered": 100.0, "percent_covered_display": "100", "missing_lines": 0, "excluded_lines": 0, "percent_statements_covered": 100.0, "percent_statements_covered_display": "100"}, "missing_lines": [], "excluded_lines": []}}, "classes": {"": {"executed_lines": [1, 12, 13, 14, 16, 17, 18, 19, 21, 22, 23, 24, 25, 26, 32, 34, 35, 38, 39, 105, 106, 172, 173, 214, 215, 320, 321, 398, 399, 453, 454], "summary": {"covered_lines": 30, "num_statements": 145, "percent_covered": 20.689655172413794, "percent_covered_display": "21", "missing_lines": 115, "excluded_lines": 0, "percent_statements_covered": 20.689655172413794, "percent_statements_covered_display": "21"}, "missing_lines": [64, 66, 67, 68, 69, 72, 73, 74, 77, 78, 81, 82, 85, 94, 96, 131, 132, 137, 138, 139, 142, 143, 148, 149, 152, 161, 163, 192, 193, 194, 196, 197, 203, 211, 234, 235, 236, 238, 240, 248, 254, 255, 256, 258, 260, 268, 274, 281, 283, 284, 285, 286, 287, 288, 290, 298, 304, 317, 342, 343, 344, 346, 347, 353, 356, 357, 358, 360, 361, 362, 364, 365, 366, 368, 369, 373, 375, 376, 377, 378, 379, 380, 386, 395, 418, 419, 425, 426, 427, 429, 430, 436, 438, 441, 450, 481, 482, 488, 489, 490, 492, 493, 499, 502, 503, 506, 507, 508, 511, 512, 515, 516, 519, 529, 531], "excluded_lines": []}}}, "app/clients/__init__.py": {"executed_lines": [1, 9, 11, 12, 14, 16], "summary": {"covered_lines": 5, "num_statements": 6, "percent_covered": 83.33333333333333, "percent_covered_display": "83", "missing_lines": 1, "excluded_lines": 0, "percent_statements_covered": 83.33333333333333, "percent_statements_covered_display": "83"}, "missing_lines": [13], "excluded_lines": [], "functions": {"": {"executed_lines": [1, 9, 11, 12, 14, 16], "summary": {"covered_lines": 5, "num_statements": 6, "percent_covered": 83.33333333333333, "percent_covered_display": "83", "missing_lines": 1, "excluded_lines": 0, "percent_statements_covered": 83.33333333333333, "percent_statements_covered_display": "83"}, "missing_lines": [13], "excluded_lines": []}}, "classes": {"": {"executed_lines": [1, 9, 11, 12, 14, 16], "summary": {"covered_lines": 5, "num_statements": 6, "percent_covered": 83.33333333333333, "percent_covered_display": "83", "missing_lines": 1, "excluded_lines": 0, "percent_statements_covered": 83.33333333333333, "percent_statements_covered_display": "83"}, "missing_lines": [13], "excluded_lines": []}}}, "app/clients/elasticsearch_client.py": {"executed_lines": [1, 18, 19, 20, 21, 23, 26, 41, 42, 44, 56, 71, 72, 73, 74, 75, 77], "summary": {"covered_lines": 16, "num_statements": 16, "percent_covered": 100.0, "percent_covered_display": "100", "missing_lines": 0, "excluded_lines": 0, "percent_statements_covered": 100.0, "percent_statements_covered_display": "100"}, "missing_lines": [], "excluded_lines": [], "functions": {"get_es_client": {"executed_lines": [41, 42, 44], "summary": {"covered_lines": 3, "num_statements": 3, "percent_covered": 100.0, "percent_covered_display": "100", "missing_lines": 0, "excluded_lines": 0, "percent_statements_covered": 100.0, "percent_statements_covered_display": "100"}, "missing_lines": [], "excluded_lines": []}, "health_check": {"executed_lines": [71, 72, 73, 74, 75, 77], "summary": {"covered_lines": 6, "num_statements": 6, "percent_covered": 100.0, "percent_covered_display": "100", "missing_lines": 0, "excluded_lines": 0, "percent_statements_covered": 100.0, "percent_statements_covered_display": "100"}, "missing_lines": [], "excluded_lines": []}, "": {"executed_lines": [1, 18, 19, 20, 21, 23, 26, 56], "summary": {"covered_lines": 7, "num_statements": 7, "percent_covered": 100.0, "percent_covered_display": "100", "missing_lines": 0, "excluded_lines": 0, "percent_statements_covered": 100.0, "percent_statements_covered_display": "100"}, "missing_lines": [], "excluded_lines": []}}, "classes": {"": {"executed_lines": [1, 18, 19, 20, 21, 23, 26, 41, 42, 44, 56, 71, 72, 73, 74, 75, 77], "summary": {"covered_lines": 16, "num_statements": 16, "percent_covered": 100.0, "percent_covered_display": "100", "missing_lines": 0, "excluded_lines": 0, "percent_statements_covered": 100.0, "percent_statements_covered_display": "100"}, "missing_lines": [], "excluded_lines": []}}}, "app/clients/modelserve_client.py": {"executed_lines": [1, 7, 8, 9, 11, 12, 20, 21, 23, 26, 27, 28, 41, 42, 43, 44, 45, 46, 47, 50, 51, 71, 78, 81, 83, 87, 92, 118, 119, 124, 125, 129, 130, 132, 134, 135, 137, 150, 152, 171, 172, 173, 174, 175, 177, 199, 200, 203, 204, 207, 208, 211, 215, 221, 223, 233, 234, 235, 239, 250, 251, 252, 253, 254, 255, 259, 269, 279, 280, 291], "summary": {"covered_lines": 66, "num_statements": 73, "percent_covered": 90.41095890410959, "percent_covered_display": "90", "missing_lines": 7, "excluded_lines": 0, "percent_statements_covered": 90.41095890410959, "percent_statements_covered_display": "90"}, "missing_lines": [85, 212, 218, 236, 237, 256, 257], "excluded_lines": [], "functions": {"CogStackModelServeClient.__init__": {"executed_lines": [78, 81], "summary": {"covered_lines": 2, "num_statements": 2, "percent_covered": 100.0, "percent_covered_display": "100", "missing_lines": 0, "excluded_lines": 0, "percent_statements_covered": 100.0, "percent_statements_covered_display": "100"}, "missing_lines": [], "excluded_lines": []}, "CogStackModelServeClient.close": {"executed_lines": [], "summary": {"covered_lines": 0, "num_statements": 1, "percent_covered": 0.0, "percent_covered_display": "0", "missing_lines": 1, "excluded_lines": 0, "percent_statements_covered": 0.0, "percent_statements_covered_display": "0"}, "missing_lines": [85], "excluded_lines": []}, "CogStackModelServeClient.process_text": {"executed_lines": [118, 119, 124, 125, 129, 130, 132, 134, 135], "summary": {"covered_lines": 9, "num_statements": 9, "percent_covered": 100.0, "percent_covered_display": "100", "missing_lines": 0, "excluded_lines": 0, "percent_statements_covered": 100.0, "percent_statements_covered_display": "100"}, "missing_lines": [], "excluded_lines": []}, "CogStackModelServeClient.detect_phi": {"executed_lines": [150], "summary": {"covered_lines": 1, "num_statements": 1, "percent_covered": 100.0, "percent_covered_display": "100", "missing_lines": 0, "excluded_lines": 0, "percent_statements_covered": 100.0, "percent_statements_covered_display": "100"}, "missing_lines": [], "excluded_lines": []}, "CogStackModelServeClient.process_text_bulk": {"executed_lines": [171, 172, 173, 174, 175], "summary": {"covered_lines": 5, "num_statements": 5, "percent_covered": 100.0, "percent_covered_display": "100", "missing_lines": 0, "excluded_lines": 0, "percent_statements_covered": 100.0, "percent_statements_covered_display": "100"}, "missing_lines": [], "excluded_lines": []}, "CogStackModelServeClient.classify_entity_type": {"executed_lines": [199, 200, 203, 204, 207, 208, 211, 215, 221], "summary": {"covered_lines": 9, "num_statements": 11, "percent_covered": 81.81818181818181, "percent_covered_display": "82", "missing_lines": 2, "excluded_lines": 0, "percent_statements_covered": 81.81818181818181, "percent_statements_covered_display": "82"}, "missing_lines": [212, 218], "excluded_lines": []}, "CogStackModelServeClient.health_check": {"executed_lines": [233, 234, 235], "summary": {"covered_lines": 3, "num_statements": 5, "percent_covered": 60.0, "percent_covered_display": "60", "missing_lines": 2, "excluded_lines": 0, "percent_statements_covered": 60.0, "percent_statements_covered_display": "60"}, "missing_lines": [236, 237], "excluded_lines": []}, "CogStackModelServeClient.get_available_models": {"executed_lines": [250, 251, 252, 253, 254, 255], "summary": {"covered_lines": 6, "num_statements": 8, "percent_covered": 75.0, "percent_covered_display": "75", "missing_lines": 2, "excluded_lines": 0, "percent_statements_covered": 75.0, "percent_statements_covered_display": "75"}, "missing_lines": [256, 257], "excluded_lines": []}, "CogStackModelServeClient._parse_entity": {"executed_lines": [269], "summary": {"covered_lines": 1, "num_statements": 1, "percent_covered": 100.0, "percent_covered_display": "100", "missing_lines": 0, "excluded_lines": 0, "percent_statements_covered": 100.0, "percent_statements_covered_display": "100"}, "missing_lines": [], "excluded_lines": []}, "CogStackModelServeClient.from_env": {"executed_lines": [291], "summary": {"covered_lines": 1, "num_statements": 1, "percent_covered": 100.0, "percent_covered_display": "100", "missing_lines": 0, "excluded_lines": 0, "percent_statements_covered": 100.0, "percent_statements_covered_display": "100"}, "missing_lines": [], "excluded_lines": []}, "": {"executed_lines": [1, 7, 8, 9, 11, 12, 20, 21, 23, 26, 27, 28, 41, 42, 43, 44, 45, 46, 47, 50, 51, 71, 83, 87, 92, 137, 152, 177, 223, 239, 259, 279, 280], "summary": {"covered_lines": 29, "num_statements": 29, "percent_covered": 100.0, "percent_covered_display": "100", "missing_lines": 0, "excluded_lines": 0, "percent_statements_covered": 100.0, "percent_statements_covered_display": "100"}, "missing_lines": [], "excluded_lines": []}}, "classes": {"ProcessingError": {"executed_lines": [], "summary": {"covered_lines": 0, "num_statements": 0, "percent_covered": 100.0, "percent_covered_display": "100", "missing_lines": 0, "excluded_lines": 0, "percent_statements_covered": 100.0, "percent_statements_covered_display": "100"}, "missing_lines": [], "excluded_lines": []}, "Entity": {"executed_lines": [], "summary": {"covered_lines": 0, "num_statements": 0, "percent_covered": 100.0, "percent_covered_display": "100", "missing_lines": 0, "excluded_lines": 0, "percent_statements_covered": 100.0, "percent_statements_covered_display": "100"}, "missing_lines": [], "excluded_lines": []}, "CogStackModelServeClient": {"executed_lines": [78, 81, 118, 119, 124, 125, 129, 130, 132, 134, 135, 150, 171, 172, 173, 174, 175, 199, 200, 203, 204, 207, 208, 211, 215, 221, 233, 234, 235, 250, 251, 252, 253, 254, 255, 269, 291], "summary": {"covered_lines": 37, "num_statements": 44, "percent_covered": 84.0909090909091, "percent_covered_display": "84", "missing_lines": 7, "excluded_lines": 0, "percent_statements_covered": 84.0909090909091, "percent_statements_covered_display": "84"}, "missing_lines": [85, 212, 218, 236, 237, 256, 257], "excluded_lines": []}, "": {"executed_lines": [1, 7, 8, 9, 11, 12, 20, 21, 23, 26, 27, 28, 41, 42, 43, 44, 45, 46, 47, 50, 51, 71, 83, 87, 92, 137, 152, 177, 223, 239, 259, 279, 280], "summary": {"covered_lines": 29, "num_statements": 29, "percent_covered": 100.0, "percent_covered_display": "100", "missing_lines": 0, "excluded_lines": 0, "percent_statements_covered": 100.0, "percent_statements_covered_display": "100"}, "missing_lines": [], "excluded_lines": []}}}, "app/core/__init__.py": {"executed_lines": [0], "summary": {"covered_lines": 0, "num_statements": 0, "percent_covered": 100.0, "percent_covered_display": "100", "missing_lines": 0, "excluded_lines": 0, "percent_statements_covered": 100.0, "percent_statements_covered_display": "100"}, "missing_lines": [], "excluded_lines": [], "functions": {"": {"executed_lines": [], "summary": {"covered_lines": 0, "num_statements": 0, "percent_covered": 100.0, "percent_covered_display": "100", "missing_lines": 0, "excluded_lines": 0, "percent_statements_covered": 100.0, "percent_statements_covered_display": "100"}, "missing_lines": [], "excluded_lines": []}}, "classes": {"": {"executed_lines": [], "summary": {"covered_lines": 0, "num_statements": 0, "percent_covered": 100.0, "percent_covered_display": "100", "missing_lines": 0, "excluded_lines": 0, "percent_statements_covered": 100.0, "percent_statements_covered_display": "100"}, "missing_lines": [], "excluded_lines": []}}}, "app/core/config.py": {"executed_lines": [1, 5, 6, 7, 10, 11, 13, 21, 22, 23, 24, 25, 28, 29, 30, 31, 32, 33, 38, 39, 42, 43, 44, 49, 54, 55, 60, 61, 64, 65, 68, 69, 72, 76, 80], "summary": {"covered_lines": 33, "num_statements": 36, "percent_covered": 91.66666666666667, "percent_covered_display": "92", "missing_lines": 3, "excluded_lines": 0, "percent_statements_covered": 91.66666666666667, "percent_statements_covered_display": "92"}, "missing_lines": [57, 86, 87], "excluded_lines": [], "functions": {"Settings.CORS_ORIGINS": {"executed_lines": [], "summary": {"covered_lines": 0, "num_statements": 1, "percent_covered": 0.0, "percent_covered_display": "0", "missing_lines": 1, "excluded_lines": 0, "percent_statements_covered": 0.0, "percent_statements_covered_display": "0"}, "missing_lines": [57], "excluded_lines": []}, "get_sync_database_url": {"executed_lines": [], "summary": {"covered_lines": 0, "num_statements": 2, "percent_covered": 0.0, "percent_covered_display": "0", "missing_lines": 2, "excluded_lines": 0, "percent_statements_covered": 0.0, "percent_statements_covered_display": "0"}, "missing_lines": [86, 87], "excluded_lines": []}, "": {"executed_lines": [1, 5, 6, 7, 10, 11, 13, 21, 22, 23, 24, 25, 28, 29, 30, 31, 32, 33, 38, 39, 42, 43, 44, 49, 54, 55, 60, 61, 64, 65, 68, 69, 72, 76, 80], "summary": {"covered_lines": 33, "num_statements": 33, "percent_covered": 100.0, "percent_covered_display": "100", "missing_lines": 0, "excluded_lines": 0, "percent_statements_covered": 100.0, "percent_statements_covered_display": "100"}, "missing_lines": [], "excluded_lines": []}}, "classes": {"Settings": {"executed_lines": [], "summary": {"covered_lines": 0, "num_statements": 1, "percent_covered": 0.0, "percent_covered_display": "0", "missing_lines": 1, "excluded_lines": 0, "percent_statements_covered": 0.0, "percent_statements_covered_display": "0"}, "missing_lines": [57], "excluded_lines": []}, "": {"executed_lines": [1, 5, 6, 7, 10, 11, 13, 21, 22, 23, 24, 25, 28, 29, 30, 31, 32, 33, 38, 39, 42, 43, 44, 49, 54, 55, 60, 61, 64, 65, 68, 69, 72, 76, 80], "summary": {"covered_lines": 33, "num_statements": 35, "percent_covered": 94.28571428571429, "percent_covered_display": "94", "missing_lines": 2, "excluded_lines": 0, "percent_statements_covered": 94.28571428571429, "percent_statements_covered_display": "94"}, "missing_lines": [86, 87], "excluded_lines": []}}}, "app/core/database.py": {"executed_lines": [1, 5, 6, 8], "summary": {"covered_lines": 3, "num_statements": 3, "percent_covered": 100.0, "percent_covered_display": "100", "missing_lines": 0, "excluded_lines": 0, "percent_statements_covered": 100.0, "percent_statements_covered_display": "100"}, "missing_lines": [], "excluded_lines": [], "functions": {"": {"executed_lines": [1, 5, 6, 8], "summary": {"covered_lines": 3, "num_statements": 3, "percent_covered": 100.0, "percent_covered_display": "100", "missing_lines": 0, "excluded_lines": 0, "percent_statements_covered": 100.0, "percent_statements_covered_display": "100"}, "missing_lines": [], "excluded_lines": []}}, "classes": {"": {"executed_lines": [1, 5, 6, 8], "summary": {"covered_lines": 3, "num_statements": 3, "percent_covered": 100.0, "percent_covered_display": "100", "missing_lines": 0, "excluded_lines": 0, "percent_statements_covered": 100.0, "percent_statements_covered_display": "100"}, "missing_lines": [], "excluded_lines": []}}}, "app/core/redis_client.py": {"executed_lines": [1, 5, 6, 8, 11, 25, 26, 32, 35], "summary": {"covered_lines": 8, "num_statements": 11, "percent_covered": 72.72727272727273, "percent_covered_display": "73", "missing_lines": 3, "excluded_lines": 0, "percent_statements_covered": 72.72727272727273, "percent_statements_covered_display": "73"}, "missing_lines": [44, 45, 46], "excluded_lines": [], "functions": {"get_redis": {"executed_lines": [25, 26, 32], "summary": {"covered_lines": 3, "num_statements": 3, "percent_covered": 100.0, "percent_covered_display": "100", "missing_lines": 0, "excluded_lines": 0, "percent_statements_covered": 100.0, "percent_statements_covered_display": "100"}, "missing_lines": [], "excluded_lines": []}, "close_redis": {"executed_lines": [], "summary": {"covered_lines": 0, "num_statements": 3, "percent_covered": 0.0, "percent_covered_display": "0", "missing_lines": 3, "excluded_lines": 0, "percent_statements_covered": 0.0, "percent_statements_covered_display": "0"}, "missing_lines": [44, 45, 46], "excluded_lines": []}, "": {"executed_lines": [1, 5, 6, 8, 11, 35], "summary": {"covered_lines": 5, "num_statements": 5, "percent_covered": 100.0, "percent_covered_display": "100", "missing_lines": 0, "excluded_lines": 0, "percent_statements_covered": 100.0, "percent_statements_covered_display": "100"}, "missing_lines": [], "excluded_lines": []}}, "classes": {"": {"executed_lines": [1, 5, 6, 8, 11, 25, 26, 32, 35], "summary": {"covered_lines": 8, "num_statements": 11, "percent_covered": 72.72727272727273, "percent_covered_display": "73", "missing_lines": 3, "excluded_lines": 0, "percent_statements_covered": 72.72727272727273, "percent_statements_covered_display": "73"}, "missing_lines": [44, 45, 46], "excluded_lines": []}}}, "app/core/security.py": {"executed_lines": [1, 5, 6, 7, 8, 9, 10, 11, 14, 64, 79, 87, 90], "summary": {"covered_lines": 12, "num_statements": 32, "percent_covered": 37.5, "percent_covered_display": "38", "missing_lines": 20, "excluded_lines": 0, "percent_statements_covered": 37.5, "percent_statements_covered_display": "38"}, "missing_lines": [31, 37, 38, 40, 41, 43, 44, 45, 48, 49, 50, 52, 53, 55, 56, 61, 80, 81, 85, 92], "excluded_lines": [], "functions": {"get_current_user": {"executed_lines": [], "summary": {"covered_lines": 0, "num_statements": 16, "percent_covered": 0.0, "percent_covered_display": "0", "missing_lines": 16, "excluded_lines": 0, "percent_statements_covered": 0.0, "percent_statements_covered_display": "0"}, "missing_lines": [31, 37, 38, 40, 41, 43, 44, 45, 48, 49, 50, 52, 53, 55, 56, 61], "excluded_lines": []}, "require_role": {"executed_lines": [79, 87], "summary": {"covered_lines": 2, "num_statements": 2, "percent_covered": 100.0, "percent_covered_display": "100", "missing_lines": 0, "excluded_lines": 0, "percent_statements_covered": 100.0, "percent_statements_covered_display": "100"}, "missing_lines": [], "excluded_lines": []}, "require_role.role_checker": {"executed_lines": [], "summary": {"covered_lines": 0, "num_statements": 3, "percent_covered": 0.0, "percent_covered_display": "0", "missing_lines": 3, "excluded_lines": 0, "percent_statements_covered": 0.0, "percent_statements_covered_display": "0"}, "missing_lines": [80, 81, 85], "excluded_lines": []}, "require_active_user": {"executed_lines": [], "summary": {"covered_lines": 0, "num_statements": 1, "percent_covered": 0.0, "percent_covered_display": "0", "missing_lines": 1, "excluded_lines": 0, "percent_statements_covered": 0.0, "percent_statements_covered_display": "0"}, "missing_lines": [92], "excluded_lines": []}, "": {"executed_lines": [1, 5, 6, 7, 8, 9, 10, 11, 14, 64, 90], "summary": {"covered_lines": 10, "num_statements": 10, "percent_covered": 100.0, "percent_covered_display": "100", "missing_lines": 0, "excluded_lines": 0, "percent_statements_covered": 100.0, "percent_statements_covered_display": "100"}, "missing_lines": [], "excluded_lines": []}}, "classes": {"": {"executed_lines": [1, 5, 6, 7, 8, 9, 10, 11, 14, 64, 79, 87, 90], "summary": {"covered_lines": 12, "num_statements": 32, "percent_covered": 37.5, "percent_covered_display": "38", "missing_lines": 20, "excluded_lines": 0, "percent_statements_covered": 37.5, "percent_statements_covered_display": "38"}, "missing_lines": [31, 37, 38, 40, 41, 43, 44, 45, 48, 49, 50, 52, 53, 55, 56, 61, 80, 81, 85, 92], "excluded_lines": []}}}, "app/db/__init__.py": {"executed_lines": [0], "summary": {"covered_lines": 0, "num_statements": 0, "percent_covered": 100.0, "percent_covered_display": "100", "missing_lines": 0, "excluded_lines": 0, "percent_statements_covered": 100.0, "percent_statements_covered_display": "100"}, "missing_lines": [], "excluded_lines": [], "functions": {"": {"executed_lines": [], "summary": {"covered_lines": 0, "num_statements": 0, "percent_covered": 100.0, "percent_covered_display": "100", "missing_lines": 0, "excluded_lines": 0, "percent_statements_covered": 100.0, "percent_statements_covered_display": "100"}, "missing_lines": [], "excluded_lines": []}}, "classes": {"": {"executed_lines": [], "summary": {"covered_lines": 0, "num_statements": 0, "percent_covered": 100.0, "percent_covered_display": "100", "missing_lines": 0, "excluded_lines": 0, "percent_statements_covered": 100.0, "percent_statements_covered_display": "100"}, "missing_lines": [], "excluded_lines": []}}}, "app/db/base.py": {"executed_lines": [1, 5, 6, 7, 13, 16, 24, 26, 37, 43, 44, 50, 51, 57, 58, 60, 62, 64, 71], "summary": {"covered_lines": 17, "num_statements": 20, "percent_covered": 85.0, "percent_covered_display": "85", "missing_lines": 3, "excluded_lines": 0, "percent_statements_covered": 85.0, "percent_statements_covered_display": "85"}, "missing_lines": [45, 52, 66], "excluded_lines": [], "functions": {"create_database_engine": {"executed_lines": [24, 26], "summary": {"covered_lines": 2, "num_statements": 2, "percent_covered": 100.0, "percent_covered_display": "100", "missing_lines": 0, "excluded_lines": 0, "percent_statements_covered": 100.0, "percent_statements_covered_display": "100"}, "missing_lines": [], "excluded_lines": []}, "get_engine": {"executed_lines": [43, 44], "summary": {"covered_lines": 2, "num_statements": 3, "percent_covered": 66.66666666666667, "percent_covered_display": "67", "missing_lines": 1, "excluded_lines": 0, "percent_statements_covered": 66.66666666666667, "percent_statements_covered_display": "67"}, "missing_lines": [45], "excluded_lines": []}, "_get_engine_property": {"executed_lines": [], "summary": {"covered_lines": 0, "num_statements": 1, "percent_covered": 0.0, "percent_covered_display": "0", "missing_lines": 1, "excluded_lines": 0, "percent_statements_covered": 0.0, "percent_statements_covered_display": "0"}, "missing_lines": [52], "excluded_lines": []}, "_EngineProxy.__getattr__": {"executed_lines": [62], "summary": {"covered_lines": 1, "num_statements": 1, "percent_covered": 100.0, "percent_covered_display": "100", "missing_lines": 0, "excluded_lines": 0, "percent_statements_covered": 100.0, "percent_statements_covered_display": "100"}, "missing_lines": [], "excluded_lines": []}, "_EngineProxy.__call__": {"executed_lines": [], "summary": {"covered_lines": 0, "num_statements": 1, "percent_covered": 0.0, "percent_covered_display": "0", "missing_lines": 1, "excluded_lines": 0, "percent_statements_covered": 0.0, "percent_statements_covered_display": "0"}, "missing_lines": [66], "excluded_lines": []}, "": {"executed_lines": [1, 5, 6, 7, 13, 16, 37, 50, 51, 57, 58, 60, 64, 71], "summary": {"covered_lines": 12, "num_statements": 12, "percent_covered": 100.0, "percent_covered_display": "100", "missing_lines": 0, "excluded_lines": 0, "percent_statements_covered": 100.0, "percent_statements_covered_display": "100"}, "missing_lines": [], "excluded_lines": []}}, "classes": {"_EngineProxy": {"executed_lines": [62], "summary": {"covered_lines": 1, "num_statements": 2, "percent_covered": 50.0, "percent_covered_display": "50", "missing_lines": 1, "excluded_lines": 0, "percent_statements_covered": 50.0, "percent_statements_covered_display": "50"}, "missing_lines": [66], "excluded_lines": []}, "": {"executed_lines": [1, 5, 6, 7, 13, 16, 24, 26, 37, 43, 44, 50, 51, 57, 58, 60, 64, 71], "summary": {"covered_lines": 16, "num_statements": 18, "percent_covered": 88.88888888888889, "percent_covered_display": "89", "missing_lines": 2, "excluded_lines": 0, "percent_statements_covered": 88.88888888888889, "percent_statements_covered_display": "89"}, "missing_lines": [45, 52], "excluded_lines": []}}}, "app/db/base_class.py": {"executed_lines": [1, 6, 9], "summary": {"covered_lines": 2, "num_statements": 2, "percent_covered": 100.0, "percent_covered_display": "100", "missing_lines": 0, "excluded_lines": 0, "percent_statements_covered": 100.0, "percent_statements_covered_display": "100"}, "missing_lines": [], "excluded_lines": [], "functions": {"": {"executed_lines": [1, 6, 9], "summary": {"covered_lines": 2, "num_statements": 2, "percent_covered": 100.0, "percent_covered_display": "100", "missing_lines": 0, "excluded_lines": 0, "percent_statements_covered": 100.0, "percent_statements_covered_display": "100"}, "missing_lines": [], "excluded_lines": []}}, "classes": {"": {"executed_lines": [1, 6, 9], "summary": {"covered_lines": 2, "num_statements": 2, "percent_covered": 100.0, "percent_covered_display": "100", "missing_lines": 0, "excluded_lines": 0, "percent_statements_covered": 100.0, "percent_statements_covered_display": "100"}, "missing_lines": [], "excluded_lines": []}}}, "app/db/session.py": {"executed_lines": [1, 5, 6, 7, 11, 20, 33], "summary": {"covered_lines": 6, "num_statements": 13, "percent_covered": 46.15384615384615, "percent_covered_display": "46", "missing_lines": 7, "excluded_lines": 0, "percent_statements_covered": 46.15384615384615, "percent_statements_covered_display": "46"}, "missing_lines": [34, 35, 36, 37, 38, 39, 41], "excluded_lines": [], "functions": {"get_db": {"executed_lines": [33], "summary": {"covered_lines": 1, "num_statements": 8, "percent_covered": 12.5, "percent_covered_display": "12", "missing_lines": 7, "excluded_lines": 0, "percent_statements_covered": 12.5, "percent_statements_covered_display": "12"}, "missing_lines": [34, 35, 36, 37, 38, 39, 41], "excluded_lines": []}, "": {"executed_lines": [1, 5, 6, 7, 11, 20], "summary": {"covered_lines": 5, "num_statements": 5, "percent_covered": 100.0, "percent_covered_display": "100", "missing_lines": 0, "excluded_lines": 0, "percent_statements_covered": 100.0, "percent_statements_covered_display": "100"}, "missing_lines": [], "excluded_lines": []}}, "classes": {"": {"executed_lines": [1, 5, 6, 7, 11, 20, 33], "summary": {"covered_lines": 6, "num_statements": 13, "percent_covered": 46.15384615384615, "percent_covered_display": "46", "missing_lines": 7, "excluded_lines": 0, "percent_statements_covered": 46.15384615384615, "percent_statements_covered_display": "46"}, "missing_lines": [34, 35, 36, 37, 38, 39, 41], "excluded_lines": []}}}, "app/db/timeline_queries.py": {"executed_lines": [1, 9, 10, 12, 15, 44, 49, 50, 51, 52, 55, 56, 57, 60, 61, 62, 65, 66, 67, 70, 71, 72, 74, 81, 94, 95, 97, 100, 116, 126, 151, 152, 154, 156, 157, 159, 161, 166, 170, 173, 186, 189, 203], "summary": {"covered_lines": 42, "num_statements": 42, "percent_covered": 100.0, "percent_covered_display": "100", "missing_lines": 0, "excluded_lines": 0, "percent_statements_covered": 100.0, "percent_statements_covered_display": "100"}, "missing_lines": [], "excluded_lines": [], "functions": {"build_patient_timeline_query": {"executed_lines": [44, 49, 50, 51, 52, 55, 56, 57, 60, 61, 62, 65, 66, 67, 70, 71, 72, 74], "summary": {"covered_lines": 18, "num_statements": 18, "percent_covered": 100.0, "percent_covered_display": "100", "missing_lines": 0, "excluded_lines": 0, "percent_statements_covered": 100.0, "percent_statements_covered_display": "100"}, "missing_lines": [], "excluded_lines": []}, "build_concept_filter_query": {"executed_lines": [94, 95, 97], "summary": {"covered_lines": 3, "num_statements": 3, "percent_covered": 100.0, "percent_covered_display": "100", "missing_lines": 0, "excluded_lines": 0, "percent_statements_covered": 100.0, "percent_statements_covered_display": "100"}, "missing_lines": [], "excluded_lines": []}, "build_date_range_filter": {"executed_lines": [116], "summary": {"covered_lines": 1, "num_statements": 1, "percent_covered": 100.0, "percent_covered_display": "100", "missing_lines": 0, "excluded_lines": 0, "percent_statements_covered": 100.0, "percent_statements_covered_display": "100"}, "missing_lines": [], "excluded_lines": []}, "build_meta_annotation_filter": {"executed_lines": [151, 152, 154, 156, 157, 159, 161, 166, 170], "summary": {"covered_lines": 9, "num_statements": 9, "percent_covered": 100.0, "percent_covered_display": "100", "missing_lines": 0, "excluded_lines": 0, "percent_statements_covered": 100.0, "percent_statements_covered_display": "100"}, "missing_lines": [], "excluded_lines": []}, "build_event_type_filter": {"executed_lines": [186], "summary": {"covered_lines": 1, "num_statements": 1, "percent_covered": 100.0, "percent_covered_display": "100", "missing_lines": 0, "excluded_lines": 0, "percent_statements_covered": 100.0, "percent_statements_covered_display": "100"}, "missing_lines": [], "excluded_lines": []}, "build_specialty_filter": {"executed_lines": [203], "summary": {"covered_lines": 1, "num_statements": 1, "percent_covered": 100.0, "percent_covered_display": "100", "missing_lines": 0, "excluded_lines": 0, "percent_statements_covered": 100.0, "percent_statements_covered_display": "100"}, "missing_lines": [], "excluded_lines": []}, "": {"executed_lines": [1, 9, 10, 12, 15, 81, 100, 126, 173, 189], "summary": {"covered_lines": 9, "num_statements": 9, "percent_covered": 100.0, "percent_covered_display": "100", "missing_lines": 0, "excluded_lines": 0, "percent_statements_covered": 100.0, "percent_statements_covered_display": "100"}, "missing_lines": [], "excluded_lines": []}}, "classes": {"": {"executed_lines": [1, 9, 10, 12, 15, 44, 49, 50, 51, 52, 55, 56, 57, 60, 61, 62, 65, 66, 67, 70, 71, 72, 74, 81, 94, 95, 97, 100, 116, 126, 151, 152, 154, 156, 157, 159, 161, 166, 170, 173, 186, 189, 203], "summary": {"covered_lines": 42, "num_statements": 42, "percent_covered": 100.0, "percent_covered_display": "100", "missing_lines": 0, "excluded_lines": 0, "percent_statements_covered": 100.0, "percent_statements_covered_display": "100"}, "missing_lines": [], "excluded_lines": []}}}, "app/jobs/__init__.py": {"executed_lines": [], "summary": {"covered_lines": 0, "num_statements": 0, "percent_covered": 100.0, "percent_covered_display": "100", "missing_lines": 0, "excluded_lines": 0, "percent_statements_covered": 100.0, "percent_statements_covered_display": "100"}, "missing_lines": [], "excluded_lines": [], "functions": {"": {"executed_lines": [], "summary": {"covered_lines": 0, "num_statements": 0, "percent_covered": 100.0, "percent_covered_display": "100", "missing_lines": 0, "excluded_lines": 0, "percent_statements_covered": 100.0, "percent_statements_covered_display": "100"}, "missing_lines": [], "excluded_lines": []}}, "classes": {"": {"executed_lines": [], "summary": {"covered_lines": 0, "num_statements": 0, "percent_covered": 100.0, "percent_covered_display": "100", "missing_lines": 0, "excluded_lines": 0, "percent_statements_covered": 100.0, "percent_statements_covered_display": "100"}, "missing_lines": [], "excluded_lines": []}}}, "app/jobs/document_processing_job.py": {"executed_lines": [], "summary": {"covered_lines": 0, "num_statements": 63, "percent_covered": 0.0, "percent_covered_display": "0", "missing_lines": 63, "excluded_lines": 0, "percent_statements_covered": 0.0, "percent_statements_covered_display": "0"}, "missing_lines": [6, 7, 8, 10, 12, 13, 15, 18, 33, 41, 42, 43, 44, 45, 47, 53, 54, 55, 57, 58, 59, 64, 70, 71, 73, 74, 75, 76, 77, 78, 79, 81, 83, 89, 91, 92, 94, 95, 99, 100, 102, 103, 106, 107, 108, 109, 111, 113, 120, 121, 124, 125, 129, 132, 144, 145, 146, 149, 159, 160, 163, 169, 170], "excluded_lines": [], "functions": {"DocumentProcessingJob.__init__": {"executed_lines": [], "summary": {"covered_lines": 0, "num_statements": 5, "percent_covered": 0.0, "percent_covered_display": "0", "missing_lines": 5, "excluded_lines": 0, "percent_statements_covered": 0.0, "percent_statements_covered_display": "0"}, "missing_lines": [41, 42, 43, 44, 45], "excluded_lines": []}, "DocumentProcessingJob.start": {"executed_lines": [], "summary": {"covered_lines": 0, "num_statements": 6, "percent_covered": 0.0, "percent_covered_display": "0", "missing_lines": 6, "excluded_lines": 0, "percent_statements_covered": 0.0, "percent_statements_covered_display": "0"}, "missing_lines": [53, 54, 55, 57, 58, 59], "excluded_lines": []}, "DocumentProcessingJob.stop": {"executed_lines": [], "summary": {"covered_lines": 0, "num_statements": 10, "percent_covered": 0.0, "percent_covered_display": "0", "missing_lines": 10, "excluded_lines": 0, "percent_statements_covered": 0.0, "percent_statements_covered_display": "0"}, "missing_lines": [70, 71, 73, 74, 75, 76, 77, 78, 79, 81], "excluded_lines": []}, "DocumentProcessingJob._run_loop": {"executed_lines": [], "summary": {"covered_lines": 0, "num_statements": 14, "percent_covered": 0.0, "percent_covered_display": "0", "missing_lines": 14, "excluded_lines": 0, "percent_statements_covered": 0.0, "percent_statements_covered_display": "0"}, "missing_lines": [89, 91, 92, 94, 95, 99, 100, 102, 103, 106, 107, 108, 109, 111], "excluded_lines": []}, "DocumentProcessingJob.run_once": {"executed_lines": [], "summary": {"covered_lines": 0, "num_statements": 4, "percent_covered": 0.0, "percent_covered_display": "0", "missing_lines": 4, "excluded_lines": 0, "percent_statements_covered": 0.0, "percent_statements_covered_display": "0"}, "missing_lines": [120, 121, 124, 125], "excluded_lines": []}, "get_job_instance": {"executed_lines": [], "summary": {"covered_lines": 0, "num_statements": 3, "percent_covered": 0.0, "percent_covered_display": "0", "missing_lines": 3, "excluded_lines": 0, "percent_statements_covered": 0.0, "percent_statements_covered_display": "0"}, "missing_lines": [144, 145, 146], "excluded_lines": []}, "start_background_job": {"executed_lines": [], "summary": {"covered_lines": 0, "num_statements": 2, "percent_covered": 0.0, "percent_covered_display": "0", "missing_lines": 2, "excluded_lines": 0, "percent_statements_covered": 0.0, "percent_statements_covered_display": "0"}, "missing_lines": [159, 160], "excluded_lines": []}, "stop_background_job": {"executed_lines": [], "summary": {"covered_lines": 0, "num_statements": 2, "percent_covered": 0.0, "percent_covered_display": "0", "missing_lines": 2, "excluded_lines": 0, "percent_statements_covered": 0.0, "percent_statements_covered_display": "0"}, "missing_lines": [169, 170], "excluded_lines": []}, "": {"executed_lines": [], "summary": {"covered_lines": 0, "num_statements": 17, "percent_covered": 0.0, "percent_covered_display": "0", "missing_lines": 17, "excluded_lines": 0, "percent_statements_covered": 0.0, "percent_statements_covered_display": "0"}, "missing_lines": [6, 7, 8, 10, 12, 13, 15, 18, 33, 47, 64, 83, 113, 129, 132, 149, 163], "excluded_lines": []}}, "classes": {"DocumentProcessingJob": {"executed_lines": [], "summary": {"covered_lines": 0, "num_statements": 39, "percent_covered": 0.0, "percent_covered_display": "0", "missing_lines": 39, "excluded_lines": 0, "percent_statements_covered": 0.0, "percent_statements_covered_display": "0"}, "missing_lines": [41, 42, 43, 44, 45, 53, 54, 55, 57, 58, 59, 70, 71, 73, 74, 75, 76, 77, 78, 79, 81, 89, 91, 92, 94, 95, 99, 100, 102, 103, 106, 107, 108, 109, 111, 120, 121, 124, 125], "excluded_lines": []}, "": {"executed_lines": [], "summary": {"covered_lines": 0, "num_statements": 24, "percent_covered": 0.0, "percent_covered_display": "0", "missing_lines": 24, "excluded_lines": 0, "percent_statements_covered": 0.0, "percent_statements_covered_display": "0"}, "missing_lines": [6, 7, 8, 10, 12, 13, 15, 18, 33, 47, 64, 83, 113, 129, 132, 144, 145, 146, 149, 159, 160, 163, 169, 170], "excluded_lines": []}}}, "app/jobs/search_indexer_job.py": {"executed_lines": [], "summary": {"covered_lines": 0, "num_statements": 67, "percent_covered": 0.0, "percent_covered_display": "0", "missing_lines": 67, "excluded_lines": 0, "percent_statements_covered": 0.0, "percent_statements_covered_display": "0"}, "missing_lines": [11, 12, 13, 14, 15, 16, 18, 19, 20, 23, 31, 34, 37, 40, 41, 44, 52, 53, 56, 57, 59, 60, 61, 62, 63, 64, 65, 68, 70, 72, 73, 76, 77, 78, 79, 81, 83, 85, 87, 90, 92, 94, 95, 100, 102, 104, 105, 108, 109, 110, 113, 114, 115, 116, 118, 120, 121, 122, 125, 126, 129, 130, 131, 132, 133, 134, 135], "excluded_lines": [], "functions": {"handle_shutdown": {"executed_lines": [], "summary": {"covered_lines": 0, "num_statements": 2, "percent_covered": 0.0, "percent_covered_display": "0", "missing_lines": 2, "excluded_lines": 0, "percent_statements_covered": 0.0, "percent_statements_covered_display": "0"}, "missing_lines": [40, 41], "excluded_lines": []}, "run_indexer": {"executed_lines": [], "summary": {"covered_lines": 0, "num_statements": 44, "percent_covered": 0.0, "percent_covered_display": "0", "missing_lines": 44, "excluded_lines": 0, "percent_statements_covered": 0.0, "percent_statements_covered_display": "0"}, "missing_lines": [52, 53, 56, 57, 59, 60, 61, 62, 63, 64, 65, 68, 70, 72, 73, 76, 77, 78, 79, 81, 83, 85, 87, 90, 92, 94, 95, 100, 102, 104, 105, 108, 109, 110, 113, 114, 115, 116, 118, 120, 121, 122, 125, 126], "excluded_lines": []}, "": {"executed_lines": [], "summary": {"covered_lines": 0, "num_statements": 21, "percent_covered": 0.0, "percent_covered_display": "0", "missing_lines": 21, "excluded_lines": 0, "percent_statements_covered": 0.0, "percent_statements_covered_display": "0"}, "missing_lines": [11, 12, 13, 14, 15, 16, 18, 19, 20, 23, 31, 34, 37, 44, 129, 130, 131, 132, 133, 134, 135], "excluded_lines": []}}, "classes": {"": {"executed_lines": [], "summary": {"covered_lines": 0, "num_statements": 67, "percent_covered": 0.0, "percent_covered_display": "0", "missing_lines": 67, "excluded_lines": 0, "percent_statements_covered": 0.0, "percent_statements_covered_display": "0"}, "missing_lines": [11, 12, 13, 14, 15, 16, 18, 19, 20, 23, 31, 34, 37, 40, 41, 44, 52, 53, 56, 57, 59, 60, 61, 62, 63, 64, 65, 68, 70, 72, 73, 76, 77, 78, 79, 81, 83, 85, 87, 90, 92, 94, 95, 100, 102, 104, 105, 108, 109, 110, 113, 114, 115, 116, 118, 120, 121, 122, 125, 126, 129, 130, 131, 132, 133, 134, 135], "excluded_lines": []}}}, "app/main.py": {"executed_lines": [1, 5, 6, 7, 8, 10, 13, 14, 15, 18, 28, 37, 38, 39, 40, 41, 42, 43, 44, 45, 46, 47, 48, 51,
[...]
tatements": 21, "percent_covered": 90.47619047619048, "percent_covered_display": "90", "missing_lines": 2, "excluded_lines": 0, "percent_statements_covered": 90.47619047619048, "percent_statements_covered_display": "90"}, "missing_lines": [161, 167], "excluded_lines": []}, "SearchService._build_sort": {"executed_lines": [240, 241, 242, 245], "summary": {"covered_lines": 4, "num_statements": 5, "percent_covered": 80.0, "percent_covered_display": "80", "missing_lines": 1, "excluded_lines": 0, "percent_statements_covered": 80.0, "percent_statements_covered_display": "80"}, "missing_lines": [243], "excluded_lines": []}, "SearchService._parse_response": {"executed_lines": [265, 266, 267, 270, 271, 272, 273, 278, 279, 281, 291, 294, 297, 299], "summary": {"covered_lines": 14, "num_statements": 14, "percent_covered": 100.0, "percent_covered_display": "100", "missing_lines": 0, "excluded_lines": 0, "percent_statements_covered": 100.0, "percent_statements_covered_display": "100"}, "missing_lines": [], "excluded_lines": []}, "SearchService._parse_facets": {"executed_lines": [319, 329], "summary": {"covered_lines": 2, "num_statements": 2, "percent_covered": 100.0, "percent_covered_display": "100", "missing_lines": 0, "excluded_lines": 0, "percent_statements_covered": 100.0, "percent_statements_covered_display": "100"}, "missing_lines": [], "excluded_lines": []}, "SearchService._parse_facets.parse_terms_agg": {"executed_lines": [321, 322], "summary": {"covered_lines": 2, "num_statements": 4, "percent_covered": 50.0, "percent_covered_display": "50", "missing_lines": 2, "excluded_lines": 0, "percent_statements_covered": 50.0, "percent_statements_covered_display": "50"}, "missing_lines": [323, 324], "excluded_lines": []}, "SearchService._track_analytics": {"executed_lines": [351, 360, 361, 362, 364], "summary": {"covered_lines": 5, "num_statements": 5, "percent_covered": 100.0, "percent_covered_display": "100", "missing_lines": 0, "excluded_lines": 0, "percent_statements_covered": 100.0, "percent_statements_covered_display": "100"}, "missing_lines": [], "excluded_lines": []}, "SearchService._log_audit_trail": {"executed_lines": [385, 398], "summary": {"covered_lines": 2, "num_statements": 2, "percent_covered": 100.0, "percent_covered_display": "100", "missing_lines": 0, "excluded_lines": 0, "percent_statements_covered": 100.0, "percent_statements_covered_display": "100"}, "missing_lines": [], "excluded_lines": []}, "": {"executed_lines": [1, 7, 8, 9, 10, 12, 13, 15, 16, 17, 26, 28, 31, 32, 52, 63, 129, 230, 247, 309, 335, 369], "summary": {"covered_lines": 20, "num_statements": 20, "percent_covered": 100.0, "percent_covered_display": "100", "missing_lines": 0, "excluded_lines": 0, "percent_statements_covered": 100.0, "percent_statements_covered_display": "100"}, "missing_lines": [], "excluded_lines": []}}, "classes": {"SearchService": {"executed_lines": [60, 61, 89, 92, 95, 102, 105, 112, 120, 127, 140, 150, 152, 154, 155, 160, 166, 172, 173, 174, 175, 176, 177, 179, 184, 192, 195, 211, 223, 240, 241, 242, 245, 265, 266, 267, 270, 271, 272, 273, 278, 279, 281, 291, 294, 297, 299, 319, 321, 322, 329, 351, 360, 361, 362, 364, 385, 398], "summary": {"covered_lines": 58, "num_statements": 63, "percent_covered": 92.06349206349206, "percent_covered_display": "92", "missing_lines": 5, "excluded_lines": 0, "percent_statements_covered": 92.06349206349206, "percent_statements_covered_display": "92"}, "missing_lines": [161, 167, 243, 323, 324], "excluded_lines": []}, "": {"executed_lines": [1, 7, 8, 9, 10, 12, 13, 15, 16, 17, 26, 28, 31, 32, 52, 63, 129, 230, 247, 309, 335, 369], "summary": {"covered_lines": 20, "num_statements": 20, "percent_covered": 100.0, "percent_covered_display": "100", "missing_lines": 0, "excluded_lines": 0, "percent_statements_covered": 100.0, "percent_statements_covered_display": "100"}, "missing_lines": [], "excluded_lines": []}}}, "app/services/session_service.py": {"executed_lines": [1, 5, 6, 7, 8, 9, 12, 13, 15, 18, 20, 30, 44, 63, 74, 99, 123, 139], "summary": {"covered_lines": 16, "num_statements": 56, "percent_covered": 28.571428571428573, "percent_covered_display": "29", "missing_lines": 40, "excluded_lines": 0, "percent_statements_covered": 28.571428571428573, "percent_statements_covered_display": "29"}, "missing_lines": [22, 23, 28, 37, 38, 39, 40, 42, 54, 55, 56, 58, 59, 61, 70, 71, 72, 84, 85, 86, 88, 89, 90, 91, 92, 93, 96, 97, 109, 110, 111, 113, 114, 115, 116, 117, 118, 119, 121, 135], "excluded_lines": [], "functions": {"SessionService.__init__": {"executed_lines": [18], "summary": {"covered_lines": 1, "num_statements": 1, "percent_covered": 100.0, "percent_covered_display": "100", "missing_lines": 0, "excluded_lines": 0, "percent_statements_covered": 100.0, "percent_statements_covered_display": "100"}, "missing_lines": [], "excluded_lines": []}, "SessionService.get_redis": {"executed_lines": [], "summary": {"covered_lines": 0, "num_statements": 3, "percent_covered": 0.0, "percent_covered_display": "0", "missing_lines": 3, "excluded_lines": 0, "percent_statements_covered": 0.0, "percent_statements_covered_display": "0"}, "missing_lines": [22, 23, 28], "excluded_lines": []}, "SessionService.create_session": {"executed_lines": [], "summary": {"covered_lines": 0, "num_statements": 5, "percent_covered": 0.0, "percent_covered_display": "0", "missing_lines": 5, "excluded_lines": 0, "percent_statements_covered": 0.0, "percent_statements_covered_display": "0"}, "missing_lines": [37, 38, 39, 40, 42], "excluded_lines": []}, "SessionService.get_session": {"executed_lines": [], "summary": {"covered_lines": 0, "num_statements": 6, "percent_covered": 0.0, "percent_covered_display": "0", "missing_lines": 6, "excluded_lines": 0, "percent_statements_covered": 0.0, "percent_statements_covered_display": "0"}, "missing_lines": [54, 55, 56, 58, 59, 61], "excluded_lines": []}, "SessionService.delete_session": {"executed_lines": [], "summary": {"covered_lines": 0, "num_statements": 3, "percent_covered": 0.0, "percent_covered_display": "0", "missing_lines": 3, "excluded_lines": 0, "percent_statements_covered": 0.0, "percent_statements_covered_display": "0"}, "missing_lines": [70, 71, 72], "excluded_lines": []}, "SessionService.list_user_sessions": {"executed_lines": [], "summary": {"covered_lines": 0, "num_statements": 11, "percent_covered": 0.0, "percent_covered_display": "0", "missing_lines": 11, "excluded_lines": 0, "percent_statements_covered": 0.0, "percent_statements_covered_display": "0"}, "missing_lines": [84, 85, 86, 88, 89, 90, 91, 92, 93, 96, 97], "excluded_lines": []}, "SessionService.delete_user_sessions": {"executed_lines": [], "summary": {"covered_lines": 0, "num_statements": 11, "percent_covered": 0.0, "percent_covered_display": "0", "missing_lines": 11, "excluded_lines": 0, "percent_statements_covered": 0.0, "percent_statements_covered_display": "0"}, "missing_lines": [109, 110, 111, 113, 114, 115, 116, 117, 118, 119, 121], "excluded_lines": []}, "SessionService.invalidate_all_user_sessions": {"executed_lines": [], "summary": {"covered_lines": 0, "num_statements": 1, "percent_covered": 0.0, "percent_covered_display": "0", "missing_lines": 1, "excluded_lines": 0, "percent_statements_covered": 0.0, "percent_statements_covered_display": "0"}, "missing_lines": [135], "excluded_lines": []}, "": {"executed_lines": [1, 5, 6, 7, 8, 9, 12, 13, 15, 20, 30, 44, 63, 74, 99, 123, 139], "summary": {"covered_lines": 15, "num_statements": 15, "percent_covered": 100.0, "percent_covered_display": "100", "missing_lines": 0, "excluded_lines": 0, "percent_statements_covered": 100.0, "percent_statements_covered_display": "100"}, "missing_lines": [], "excluded_lines": []}}, "classes": {"SessionService": {"executed_lines": [18], "summary": {"covered_lines": 1, "num_statements": 41, "percent_covered": 2.4390243902439024, "percent_covered_display": "2", "missing_lines": 40, "excluded_lines": 0, "percent_statements_covered": 2.4390243902439024, "percent_statements_covered_display": "2"}, "missing_lines": [22, 23, 28, 37, 38, 39, 40, 42, 54, 55, 56, 58, 59, 61, 70, 71, 72, 84, 85, 86, 88, 89, 90, 91, 92, 93, 96, 97, 109, 110, 111, 113, 114, 115, 116, 117, 118, 119, 121, 135], "excluded_lines": []}, "": {"executed_lines": [1, 5, 6, 7, 8, 9, 12, 13, 15, 20, 30, 44, 63, 74, 99, 123, 139], "summary": {"covered_lines": 15, "num_statements": 15, "percent_covered": 100.0, "percent_covered_display": "100", "missing_lines": 0, "excluded_lines": 0, "percent_statements_covered": 100.0, "percent_statements_covered_display": "100"}, "missing_lines": [], "excluded_lines": []}}}, "app/services/timeline_export_service.py": {"executed_lines": [1, 10, 11, 12, 13, 15, 16, 17, 18, 19, 20, 21, 22, 23, 25, 28, 29, 31, 101, 127, 217, 243, 296], "summary": {"covered_lines": 21, "num_statements": 42, "percent_covered": 50.0, "percent_covered_display": "50", "missing_lines": 21, "excluded_lines": 0, "percent_statements_covered": 50.0, "percent_statements_covered_display": "50"}, "missing_lines": [61, 62, 63, 66, 94, 97, 99, 114, 115, 116, 119, 122, 125, 159, 185, 186, 203, 205, 210, 212, 215], "excluded_lines": [], "functions": {"TimelineExportService.export_to_pdf": {"executed_lines": [], "summary": {"covered_lines": 0, "num_statements": 7, "percent_covered": 0.0, "percent_covered_display": "0", "missing_lines": 7, "excluded_lines": 0, "percent_statements_covered": 0.0, "percent_statements_covered_display": "0"}, "missing_lines": [61, 62, 63, 66, 94, 97, 99], "excluded_lines": []}, "TimelineExportService._render_pdf_template": {"executed_lines": [], "summary": {"covered_lines": 0, "num_statements": 6, "percent_covered": 0.0, "percent_covered_display": "0", "missing_lines": 6, "excluded_lines": 0, "percent_statements_covered": 0.0, "percent_statements_covered_display": "0"}, "missing_lines": [114, 115, 116, 119, 122, 125], "excluded_lines": []}, "TimelineExportService.export_to_fhir": {"executed_lines": [], "summary": {"covered_lines": 0, "num_statements": 8, "percent_covered": 0.0, "percent_covered_display": "0", "missing_lines": 8, "excluded_lines": 0, "percent_statements_covered": 0.0, "percent_statements_covered_display": "0"}, "missing_lines": [159, 185, 186, 203, 205, 210, 212, 215], "excluded_lines": []}, "TimelineExportService.export_to_json": {"executed_lines": [243, 296], "summary": {"covered_lines": 2, "num_statements": 2, "percent_covered": 100.0, "percent_covered_display": "100", "missing_lines": 0, "excluded_lines": 0, "percent_statements_covered": 100.0, "percent_statements_covered_display": "100"}, "missing_lines": [], "excluded_lines": []}, "": {"executed_lines": [1, 10, 11, 12, 13, 15, 16, 17, 18, 19, 20, 21, 22, 23, 25, 28, 29, 31, 101, 127, 217], "summary": {"covered_lines": 19, "num_statements": 19, "percent_covered": 100.0, "percent_covered_display": "100", "missing_lines": 0, "excluded_lines": 0, "percent_statements_covered": 100.0, "percent_statements_covered_display": "100"}, "missing_lines": [], "excluded_lines": []}}, "classes": {"TimelineExportService": {"executed_lines": [243, 296], "summary": {"covered_lines": 2, "num_statements": 23, "percent_covered": 8.695652173913043, "percent_covered_display": "9", "missing_lines": 21, "excluded_lines": 0, "percent_statements_covered": 8.695652173913043, "percent_statements_covered_display": "9"}, "missing_lines": [61, 62, 63, 66, 94, 97, 99, 114, 115, 116, 119, 122, 125, 159, 185, 186, 203, 205, 210, 212, 215], "excluded_lines": []}, "": {"executed_lines": [1, 10, 11, 12, 13, 15, 16, 17, 18, 19, 20, 21, 22, 23, 25, 28, 29, 31, 101, 127, 217], "summary": {"covered_lines": 19, "num_statements": 19, "percent_covered": 100.0, "percent_covered_display": "100", "missing_lines": 0, "excluded_lines": 0, "percent_statements_covered": 100.0, "percent_statements_covered_display": "100"}, "missing_lines": [], "excluded_lines": []}}}, "app/services/timeline_service.py": {"executed_lines": [1, 8, 9, 10, 11, 12, 13, 14, 15, 16, 17, 19, 20, 21, 22, 26, 27, 28, 30, 33, 34, 46, 47, 49, 55, 56, 57, 58, 60, 66, 67, 68, 70, 86, 87, 90, 92, 94, 105, 106, 109, 110, 111, 113, 115, 128, 130, 132, 168, 181, 183, 184, 185, 187, 189, 190, 192, 194, 196, 199, 202, 203, 204, 209, 215, 217, 232, 262, 284, 290, 291, 348, 359, 362, 363, 364, 365, 366, 367, 368, 369, 370, 371, 373, 375, 394, 396, 397, 399, 401, 411, 412, 415, 416, 419, 421, 424, 425, 429, 435, 437, 439, 453, 456, 459, 461, 463, 464, 466, 468, 473, 475, 477, 479, 481], "summary": {"covered_lines": 113, "num_statements": 143, "percent_covered": 79.02097902097903, "percent_covered_display": "79", "missing_lines": 30, "excluded_lines": 0, "percent_statements_covered": 79.02097902097903, "percent_statements_covered_display": "79"}, "missing_lines": [117, 119, 120, 122, 123, 125, 126, 211, 213, 235, 243, 249, 252, 254, 293, 294, 297, 300, 301, 313, 315, 316, 319, 320, 322, 333, 334, 336, 344, 346], "excluded_lines": [], "functions": {"TimelineService.__init__": {"executed_lines": [55, 56, 57, 58], "summary": {"covered_lines": 4, "num_statements": 4, "percent_covered": 100.0, "percent_covered_display": "100", "missing_lines": 0, "excluded_lines": 0, "percent_statements_covered": 100.0, "percent_statements_covered_display": "100"}, "missing_lines": [], "excluded_lines": []}, "TimelineService._get_redis": {"executed_lines": [66, 67, 68], "summary": {"covered_lines": 3, "num_statements": 3, "percent_covered": 100.0, "percent_covered_display": "100", "missing_lines": 0, "excluded_lines": 0, "percent_statements_covered": 100.0, "percent_statements_covered_display": "100"}, "missing_lines": [], "excluded_lines": []}, "TimelineService._generate_cache_key": {"executed_lines": [86, 87, 90, 92], "summary": {"covered_lines": 4, "num_statements": 4, "percent_covered": 100.0, "percent_covered_display": "100", "missing_lines": 0, "excluded_lines": 0, "percent_statements_covered": 100.0, "percent_statements_covered_display": "100"}, "missing_lines": [], "excluded_lines": []}, "TimelineService.invalidate_patient_cache": {"executed_lines": [105, 106, 109, 110, 111, 113, 115, 128, 130], "summary": {"covered_lines": 9, "num_statements": 16, "percent_covered": 56.25, "percent_covered_display": "56", "missing_lines": 7, "excluded_lines": 0, "percent_statements_covered": 56.25, "percent_statements_covered_display": "56"}, "missing_lines": [117, 119, 120, 122, 123, 125, 126], "excluded_lines": []}, "TimelineService.get_patient_timeline": {"executed_lines": [168, 181, 183, 184, 185, 187, 189, 190, 192, 194, 196, 199, 202, 203, 204, 209, 215], "summary": {"covered_lines": 17, "num_statements": 19, "percent_covered": 89.47368421052632, "percent_covered_display": "89", "missing_lines": 2, "excluded_lines": 0, "percent_statements_covered": 89.47368421052632, "percent_statements_covered_display": "89"}, "missing_lines": [211, 213], "excluded_lines": []}, "TimelineService._get_timeline_from_db": {"executed_lines": [232], "summary": {"covered_lines": 1, "num_statements": 6, "percent_covered": 16.666666666666668, "percent_covered_display": "17", "missing_lines": 5, "excluded_lines": 0, "percent_statements_covered": 16.666666666666668, "percent_statements_covered_display": "17"}, "missing_lines": [235, 243, 249, 252, 254], "excluded_lines": []}, "TimelineService._get_documents": {"executed_lines": [284, 290, 291], "summary": {"covered_lines": 3, "num_statements": 19, "percent_covered": 15.789473684210526, "percent_covered_display": "16", "missing_lines": 16, "excluded_lines": 0, "percent_statements_covered": 15.789473684210526, "percent_statements_covered_display": "16"}, "missing_lines": [293, 294, 297, 300, 301, 313, 315, 316, 319, 320, 322, 333, 334, 336, 344, 346], "excluded_lines": []}, "TimelineService._infer_document_type": {"executed_lines": [359, 362, 363, 364, 365, 366, 367, 368, 369, 370, 371, 373], "summary": {"covered_lines": 12, "num_statements": 12, "percent_covered": 100.0, "percent_covered_display": "100", "missing_lines": 0, "excluded_lines": 0, "percent_statements_covered": 100.0, "percent_statements_covered_display": "100"}, "missing_lines": [], "excluded_lines": []}, "TimelineService._aggregate_concepts": {"executed_lines": [394, 396, 397, 399, 401, 411, 412, 415, 416, 419, 421, 424, 425, 429, 435, 437], "summary": {"covered_lines": 16, "num_statements": 16, "percent_covered": 100.0, "percent_covered_display": "100", "missing_lines": 0, "excluded_lines": 0, "percent_statements_covered": 100.0, "percent_statements_covered_display": "100"}, "missing_lines": [], "excluded_lines": []}, "TimelineService._calculate_date_range": {"executed_lines": [453, 456, 459, 461, 463, 464, 466], "summary": {"covered_lines": 7, "num_statements": 7, "percent_covered": 100.0, "percent_covered_display": "100", "missing_lines": 0, "excluded_lines": 0, "percent_statements_covered": 100.0, "percent_statements_covered_display": "100"}, "missing_lines": [], "excluded_lines": []}, "TimelineService.close": {"executed_lines": [473], "summary": {"covered_lines": 1, "num_statements": 1, "percent_covered": 100.0, "percent_covered_display": "100", "missing_lines": 0, "excluded_lines": 0, "percent_statements_covered": 100.0, "percent_statements_covered_display": "100"}, "missing_lines": [], "excluded_lines": []}, "TimelineService.__aenter__": {"executed_lines": [477], "summary": {"covered_lines": 1, "num_statements": 1, "percent_covered": 100.0, "percent_covered_display": "100", "missing_lines": 0, "excluded_lines": 0, "percent_statements_covered": 100.0, "percent_statements_covered_display": "100"}, "missing_lines": [], "excluded_lines": []}, "TimelineService.__aexit__": {"executed_lines": [481], "summary": {"covered_lines": 1, "num_statements": 1, "percent_covered": 100.0, "percent_covered_display": "100", "missing_lines": 0, "excluded_lines": 0, "percent_statements_covered": 100.0, "percent_statements_covered_display": "100"}, "missing_lines": [], "excluded_lines": []}, "": {"executed_lines": [1, 8, 9, 10, 11, 12, 13, 14, 15, 16, 17, 19, 20, 21, 22, 26, 27, 28, 30, 33, 34, 46, 47, 49, 60, 70, 94, 132, 217, 262, 348, 375, 439, 468, 475, 479], "summary": {"covered_lines": 34, "num_statements": 34, "percent_covered": 100.0, "percent_covered_display": "100", "missing_lines": 0, "excluded_lines": 0, "percent_statements_covered": 100.0, "percent_statements_covered_display": "100"}, "missing_lines": [], "excluded_lines": []}}, "classes": {"TimelineService": {"executed_lines": [55, 56, 57, 58, 66, 67, 68, 86, 87, 90, 92, 105, 106, 109, 110, 111, 113, 115, 128, 130, 168, 181, 183, 184, 185, 187, 189, 190, 192, 194, 196, 199, 202, 203, 204, 209, 215, 232, 284, 290, 291, 359, 362, 363, 364, 365, 366, 367, 368, 369, 370, 371, 373, 394, 396, 397, 399, 401, 411, 412, 415, 416, 419, 421, 424, 425, 429, 435, 437, 453, 456, 459, 461, 463, 464, 466, 473, 477, 481], "summary": {"covered_lines": 79, "num_statements": 109, "percent_covered": 72.4770642201835, "percent_covered_display": "72", "missing_lines": 30, "excluded_lines": 0, "percent_statements_covered": 72.4770642201835, "percent_statements_covered_display": "72"}, "missing_lines": [117, 119, 120, 122, 123, 125, 126, 211, 213, 235, 243, 249, 252, 254, 293, 294, 297, 300, 301, 313, 315, 316, 319, 320, 322, 333, 334, 336, 344, 346], "excluded_lines": []}, "": {"executed_lines": [1, 8, 9, 10, 11, 12, 13, 14, 15, 16, 17, 19, 20, 21, 22, 26, 27, 28, 30, 33, 34, 46, 47, 49, 60, 70, 94, 132, 217, 262, 348, 375, 439, 468, 475, 479], "summary": {"covered_lines": 34, "num_statements": 34, "percent_covered": 100.0, "percent_covered_display": "100", "missing_lines": 0, "excluded_lines": 0, "percent_statements_covered": 100.0, "percent_statements_covered_display": "100"}, "missing_lines": [], "excluded_lines": []}}}}, "totals": {"covered_lines": 2142, "num_statements": 3684, "percent_covered": 58.14332247557003, "percent_covered_display": "58", "missing_lines": 1542, "excluded_lines": 1, "percent_statements_covered": 58.14332247557003, "percent_statements_covered_display": "58"}}